[ 2019-10-27T01:31:50+08:00 ] 3.112.251.68 /
INFO: [ app_init ] --START--
INFO: Run Behavior\BuildLiteBehavior [ RunTime:0.000014s ]
INFO: [ app_init ] --END-- [ RunTime:0.000104s ]
INFO: [ app_begin ] --START--
INFO: Run Behavior\ReadHtmlCacheBehavior [ RunTime:0.000048s ]
INFO: [ app_begin ] --END-- [ RunTime:0.000091s ]
SQL: SHOW COLUMNS FROM `s_user` [ RunTime:0.0006s ]
NOTIC: [8] Undefined variable: unionid /www/Application/Home/Controller/IndexController.class.php 第 66 行.
SQL: SELECT `id`,`phone`,`openid` FROM `s_user` WHERE `unionid` = null LIMIT 1   [ RunTime:0.0002s ]
NOTIC: [8] Undefined variable: openid /www/Application/Home/Controller/IndexController.class.php 第 68 行.
NOTIC: [8] Undefined variable: unionid /www/Application/Home/Controller/IndexController.class.php 第 68 行.

[ 2019-10-27T02:12:01+08:00 ] 39.104.130.149 /
INFO: [ app_init ] --START--
INFO: Run Behavior\BuildLiteBehavior [ RunTime:0.000014s ]
INFO: [ app_init ] --END-- [ RunTime:0.000109s ]
INFO: [ app_begin ] --START--
INFO: Run Behavior\ReadHtmlCacheBehavior [ RunTime:0.000047s ]
INFO: [ app_begin ] --END-- [ RunTime:0.000084s ]
SQL: SHOW COLUMNS FROM `s_user` [ RunTime:0.0006s ]
NOTIC: [8] Undefined variable: unionid /www/Application/Home/Controller/IndexController.class.php 第 66 行.
SQL: SELECT `id`,`phone`,`openid` FROM `s_user` WHERE `unionid` = null LIMIT 1   [ RunTime:0.0002s ]
NOTIC: [8] Undefined variable: openid /www/Application/Home/Controller/IndexController.class.php 第 68 行.
NOTIC: [8] Undefined variable: unionid /www/Application/Home/Controller/IndexController.class.php 第 68 行.

[ 2019-10-27T02:12:01+08:00 ] 39.104.130.149 /User/user_login/openid//unionid/
INFO: [ app_init ] --START--
INFO: Run Behavior\BuildLiteBehavior [ RunTime:0.000011s ]
INFO: [ app_init ] --END-- [ RunTime:0.000070s ]
INFO: [ app_begin ] --START--
INFO: Run Behavior\ReadHtmlCacheBehavior [ RunTime:0.000046s ]
INFO: [ app_begin ] --END-- [ RunTime:0.000084s ]

[ 2019-10-27T02:12:01+08:00 ] 39.104.130.149 /
INFO: [ app_init ] --START--
INFO: Run Behavior\BuildLiteBehavior [ RunTime:0.000013s ]
INFO: [ app_init ] --END-- [ RunTime:0.000084s ]
INFO: [ app_begin ] --START--
INFO: Run Behavior\ReadHtmlCacheBehavior [ RunTime:0.000038s ]
INFO: [ app_begin ] --END-- [ RunTime:0.000071s ]
SQL: SHOW COLUMNS FROM `s_user` [ RunTime:0.0006s ]
NOTIC: [8] Undefined variable: unionid /www/Application/Home/Controller/IndexController.class.php 第 66 行.
SQL: SELECT `id`,`phone`,`openid` FROM `s_user` WHERE `unionid` = null LIMIT 1   [ RunTime:0.0002s ]
NOTIC: [8] Undefined variable: openid /www/Application/Home/Controller/IndexController.class.php 第 68 行.
NOTIC: [8] Undefined variable: unionid /www/Application/Home/Controller/IndexController.class.php 第 68 行.

[ 2019-10-27T02:12:01+08:00 ] 39.104.130.149 /User/user_login/openid//unionid/
INFO: [ app_init ] --START--
INFO: Run Behavior\BuildLiteBehavior [ RunTime:0.000011s ]
INFO: [ app_init ] --END-- [ RunTime:0.000070s ]
INFO: [ app_begin ] --START--
INFO: Run Behavior\ReadHtmlCacheBehavior [ RunTime:0.000047s ]
INFO: [ app_begin ] --END-- [ RunTime:0.000109s ]

[ 2019-10-27T03:58:07+08:00 ] 120.78.85.252 /?s=xxxxx
INFO: [ app_init ] --START--
INFO: Run Behavior\BuildLiteBehavior [ RunTime:0.000013s ]
INFO: [ app_init ] --END-- [ RunTime:0.000115s ]
INFO: [ app_begin ] --START--
INFO: Run Behavior\ReadHtmlCacheBehavior [ RunTime:0.000053s ]
INFO: [ app_begin ] --END-- [ RunTime:0.000099s ]
ERR: 无法加载控制器:Xxxxx

[ 2019-10-27T05:40:11+08:00 ] 185.173.35.37 /
INFO: [ app_init ] --START--
INFO: Run Behavior\BuildLiteBehavior [ RunTime:0.000018s ]
INFO: [ app_init ] --END-- [ RunTime:0.000123s ]
INFO: [ app_begin ] --START--
INFO: Run Behavior\ReadHtmlCacheBehavior [ RunTime:0.000050s ]
INFO: [ app_begin ] --END-- [ RunTime:0.000087s ]
SQL: SHOW COLUMNS FROM `s_user` [ RunTime:0.0007s ]
NOTIC: [8] Undefined variable: unionid /www/Application/Home/Controller/IndexController.class.php 第 66 行.
SQL: SELECT `id`,`phone`,`openid` FROM `s_user` WHERE `unionid` = null LIMIT 1   [ RunTime:0.0002s ]
NOTIC: [8] Undefined variable: openid /www/Application/Home/Controller/IndexController.class.php 第 68 行.
NOTIC: [8] Undefined variable: unionid /www/Application/Home/Controller/IndexController.class.php 第 68 行.

[ 2019-10-27T11:21:26+08:00 ] 111.163.136.247 /favicon.ico
INFO: [ app_init ] --START--
INFO: Run Behavior\BuildLiteBehavior [ RunTime:0.000013s ]
INFO: [ app_init ] --END-- [ RunTime:0.000086s ]

[ 2019-10-27T11:43:31+08:00 ] 111.163.136.247 /favicon.ico
INFO: [ app_init ] --START--
INFO: Run Behavior\BuildLiteBehavior [ RunTime:0.000012s ]
INFO: [ app_init ] --END-- [ RunTime:0.000082s ]

[ 2019-10-27T11:51:26+08:00 ] 216.218.206.69 /
INFO: [ app_init ] --START--
INFO: Run Behavior\BuildLiteBehavior [ RunTime:0.000013s ]
INFO: [ app_init ] --END-- [ RunTime:0.000102s ]
INFO: [ app_begin ] --START--
INFO: Run Behavior\ReadHtmlCacheBehavior [ RunTime:0.000048s ]
INFO: [ app_begin ] --END-- [ RunTime:0.000084s ]
SQL: SHOW COLUMNS FROM `s_user` [ RunTime:0.0005s ]
NOTIC: [8] Undefined variable: unionid /www/Application/Home/Controller/IndexController.class.php 第 66 行.
SQL: SELECT `id`,`phone`,`openid` FROM `s_user` WHERE `unionid` = null LIMIT 1   [ RunTime:0.0002s ]
NOTIC: [8] Undefined variable: openid /www/Application/Home/Controller/IndexController.class.php 第 68 行.
NOTIC: [8] Undefined variable: unionid /www/Application/Home/Controller/IndexController.class.php 第 68 行.

[ 2019-10-27T12:07:06+08:00 ] 114.86.26.101 /ws/stats
INFO: [ app_init ] --START--
INFO: Run Behavior\BuildLiteBehavior [ RunTime:0.000013s ]
INFO: [ app_init ] --END-- [ RunTime:0.000106s ]
INFO: [ app_begin ] --START--
INFO: Run Behavior\ReadHtmlCacheBehavior [ RunTime:0.000044s ]
INFO: [ app_begin ] --END-- [ RunTime:0.000079s ]
ERR: 无法加载控制器:Ws

[ 2019-10-27T13:37:26+08:00 ] 111.163.136.247 /favicon.ico
INFO: [ app_init ] --START--
INFO: Run Behavior\BuildLiteBehavior [ RunTime:0.000013s ]
INFO: [ app_init ] --END-- [ RunTime:0.000115s ]

[ 2019-10-27T13:43:25+08:00 ] 111.163.136.247 /favicon.ico
INFO: [ app_init ] --START--
INFO: Run Behavior\BuildLiteBehavior [ RunTime:0.000012s ]
INFO: [ app_init ] --END-- [ RunTime:0.000082s ]

[ 2019-10-27T13:45:13+08:00 ] 111.163.136.247 /Appdata/login
INFO: [ app_init ] --START--
INFO: Run Behavior\BuildLiteBehavior [ RunTime:0.000016s ]
INFO: [ app_init ] --END-- [ RunTime:0.000112s ]
INFO: [ app_begin ] --START--
INFO: Run Behavior\ReadHtmlCacheBehavior [ RunTime:0.000046s ]
INFO: [ app_begin ] --END-- [ RunTime:0.000085s ]
SQL:     select s_driver.id,s_driver.card,s_driver.name,s_driver.all_amount,s_driver.lits,s_driver.state,s_driver.maturity_date,if(s_driver.auto_fee='Y',1,0) auto_fee,s_car.car_type,s_car.carnum,s_driver.reviewed,s_driver.available,if(datediff(d_seal.unblock,NOW())>0,datediff(d_seal.unblock,NOW()),0) unblockday,s_driver.operation,
        ifnull((select FORMAT(AVG(point),1) from d_point where d_id=s_driver.id),5) point 
        from s_driver 
        left join s_car on s_car.d_id = s_driver.id 
        left join d_seal on s_driver.id = d_seal.d_id 
         WHERE s_driver.phone = '17072040970'  [ RunTime:0.0022s ]
SQL: SHOW COLUMNS FROM `s_driver` [ RunTime:0.0006s ]
SQL: UPDATE `s_driver` SET `registered_id`='34b0b82504d84e7f9d9de625079361c2' WHERE `id` = 749 [ RunTime:0.0026s ]
INFO: [ app_end ] --START--
INFO: Run Behavior\ShowPageTraceBehavior [ RunTime:0.000073s ]
INFO: [ app_end ] --END-- [ RunTime:0.000113s ]

[ 2019-10-27T13:45:13+08:00 ] 111.163.136.247 /Appdata/order_verification
INFO: [ app_init ] --START--
INFO: Run Behavior\BuildLiteBehavior [ RunTime:0.000012s ]
INFO: [ app_init ] --END-- [ RunTime:0.000100s ]
INFO: [ app_begin ] --START--
INFO: Run Behavior\ReadHtmlCacheBehavior [ RunTime:0.000037s ]
INFO: [ app_begin ] --END-- [ RunTime:0.000073s ]
SQL:     select b_order.id o_id,b_order.u_id,b_order.d_id,b_order.s_lat,b_order.s_lng,b_order.saddress,
            b_order.e_lat,b_order.e_lng,b_order.eaddress,b_order.state,s_user.phone,b_order.sdate,b_order.operation,s_user.headimgurl,
            b_order.mileage_fee,b_order.duration_fee,b_order.amount,b_order.distance,b_order.duration 
        from b_order 
        left join s_user on s_user.id = b_order.u_id 
         WHERE b_order.d_id = '749' AND b_order.d_confirmation = 'N' AND b_order.state IN ('new','on','arrived','active','wait_pay')  [ RunTime:0.0007s ]

[ 2019-10-27T13:45:13+08:00 ] 111.163.136.247 /Appdata/gethomeinfo
INFO: [ app_init ] --START--
INFO: Run Behavior\BuildLiteBehavior [ RunTime:0.000017s ]
INFO: [ app_init ] --END-- [ RunTime:0.000126s ]
INFO: [ app_begin ] --START--
INFO: Run Behavior\ReadHtmlCacheBehavior [ RunTime:0.000053s ]
INFO: [ app_begin ] --END-- [ RunTime:0.000105s ]
INFO: [ app_end ] --START--
INFO: Run Behavior\ShowPageTraceBehavior [ RunTime:0.000062s ]
INFO: [ app_end ] --END-- [ RunTime:0.000117s ]

[ 2019-10-27T13:45:13+08:00 ] 111.163.136.247 /Appdata/homePage
INFO: [ app_init ] --START--
INFO: Run Behavior\BuildLiteBehavior [ RunTime:0.000017s ]
INFO: [ app_init ] --END-- [ RunTime:0.000126s ]
INFO: [ app_begin ] --START--
INFO: Run Behavior\ReadHtmlCacheBehavior [ RunTime:0.000053s ]
INFO: [ app_begin ] --END-- [ RunTime:0.000105s ]
NOTIC: [2] unlink(./Application/Runtime/Temp/85d225028143ad369dd20f1597565241.php): No such file or directory /www/ThinkPHP/Library/Think/Cache/Driver/File.class.php 第 157 行.
SQL: SHOW COLUMNS FROM `s_driver` [ RunTime:0.0006s ]
SQL: UPDATE `s_driver` SET `state`='off' WHERE `id` = 749 [ RunTime:0.0032s ]
NOTIC: [2] unlink(./Application/Runtime/Temp/f76e3a8a2edddc7f9ba7ac55cba07d1c.php): No such file or directory /www/ThinkPHP/Library/Think/Cache/Driver/File.class.php 第 157 行.
SQL: SELECT `address_id` FROM `s_driver` WHERE ( id = 749 ) LIMIT 1   [ RunTime:0.0002s ]
SQL: SHOW COLUMNS FROM `d_online_record` [ RunTime:0.0004s ]
SQL: SELECT * FROM `d_online_record` WHERE `d_id` = 749 AND `edate` = 0 LIMIT 1   [ RunTime:0.0004s ]
NOTIC: [2] unlink(./Application/Runtime/Temp/173fa121da3b5226578fdcb7b0ce8a2b.php): No such file or directory /www/ThinkPHP/Library/Think/Cache/Driver/File.class.php 第 157 行.
SQL:     select count(s_driver.id) count_today_order,ifnull(SUM(b_order.amount),0) sum_amount,s_driver.lits,s_driver.maturity_date,ifnull((select FORMAT(AVG(point),1) from d_point where d_id=749),5) point,s_driver.operation,
                ifnull((select COUNT(s_complaint.id) from s_complaint where d_id=749),0) complaint 
        from  s_driver 
        left join b_order on s_driver.id = b_order.d_id 
         WHERE s_driver.id = '749' AND b_order.state = 'end' AND b_order.sdate > '2019-10-27 00:00:00'  [ RunTime:0.0011s ]
SQL: SHOW COLUMNS FROM `b_order` [ RunTime:0.0005s ]
SQL: SELECT COUNT(*) AS tp_count FROM `b_order` WHERE `d_id` = 749 LIMIT 1   [ RunTime:0.0002s ]
SQL: SELECT SUM(line_time) AS tp_sum FROM `d_online_record` WHERE `d_id` = 749 AND `sdate` > 1572105600 LIMIT 1   [ RunTime:0.0003s ]

[ 2019-10-27T13:45:32+08:00 ] 111.163.136.247 /favicon.ico
INFO: [ app_init ] --START--
INFO: Run Behavior\BuildLiteBehavior [ RunTime:0.000013s ]
INFO: [ app_init ] --END-- [ RunTime:0.000111s ]

[ 2019-10-27T13:45:37+08:00 ] 111.163.136.247 /Appdata/order_verification
INFO: [ app_init ] --START--
INFO: Run Behavior\BuildLiteBehavior [ RunTime:0.000013s ]
INFO: [ app_init ] --END-- [ RunTime:0.000105s ]
INFO: [ app_begin ] --START--
INFO: Run Behavior\ReadHtmlCacheBehavior [ RunTime:0.000043s ]
INFO: [ app_begin ] --END-- [ RunTime:0.000102s ]
SQL:     select b_order.id o_id,b_order.u_id,b_order.d_id,b_order.s_lat,b_order.s_lng,b_order.saddress,
            b_order.e_lat,b_order.e_lng,b_order.eaddress,b_order.state,s_user.phone,b_order.sdate,b_order.operation,s_user.headimgurl,
            b_order.mileage_fee,b_order.duration_fee,b_order.amount,b_order.distance,b_order.duration 
        from b_order 
        left join s_user on s_user.id = b_order.u_id 
         WHERE b_order.d_id = '749' AND b_order.d_confirmation = 'N' AND b_order.state IN ('new','on','arrived','active','wait_pay')  [ RunTime:0.0007s ]

[ 2019-10-27T13:45:37+08:00 ] 111.163.136.247 /Appdata/homePage
INFO: [ app_init ] --START--
INFO: Run Behavior\BuildLiteBehavior [ RunTime:0.000012s ]
INFO: [ app_init ] --END-- [ RunTime:0.000080s ]
INFO: [ app_begin ] --START--
INFO: Run Behavior\ReadHtmlCacheBehavior [ RunTime:0.000042s ]
INFO: [ app_begin ] --END-- [ RunTime:0.000081s ]
NOTIC: [2] unlink(./Application/Runtime/Temp/85d225028143ad369dd20f1597565241.php): No such file or directory /www/ThinkPHP/Library/Think/Cache/Driver/File.class.php 第 157 行.
SQL: SHOW COLUMNS FROM `s_driver` [ RunTime:0.0007s ]
SQL: UPDATE `s_driver` SET `state`='off' WHERE `id` = 749 [ RunTime:0.0026s ]
NOTIC: [2] unlink(./Application/Runtime/Temp/f76e3a8a2edddc7f9ba7ac55cba07d1c.php): No such file or directory /www/ThinkPHP/Library/Think/Cache/Driver/File.class.php 第 157 行.
SQL: SELECT `address_id` FROM `s_driver` WHERE ( id = 749 ) LIMIT 1   [ RunTime:0.0002s ]
SQL: SHOW COLUMNS FROM `d_online_record` [ RunTime:0.0004s ]
SQL: SELECT * FROM `d_online_record` WHERE `d_id` = 749 AND `edate` = 0 LIMIT 1   [ RunTime:0.0004s ]
NOTIC: [2] unlink(./Application/Runtime/Temp/173fa121da3b5226578fdcb7b0ce8a2b.php): No such file or directory /www/ThinkPHP/Library/Think/Cache/Driver/File.class.php 第 157 行.
SQL:     select count(s_driver.id) count_today_order,ifnull(SUM(b_order.amount),0) sum_amount,s_driver.lits,s_driver.maturity_date,ifnull((select FORMAT(AVG(point),1) from d_point where d_id=749),5) point,s_driver.operation,
                ifnull((select COUNT(s_complaint.id) from s_complaint where d_id=749),0) complaint 
        from  s_driver 
        left join b_order on s_driver.id = b_order.d_id 
         WHERE s_driver.id = '749' AND b_order.state = 'end' AND b_order.sdate > '2019-10-27 00:00:00'  [ RunTime:0.0010s ]
SQL: SHOW COLUMNS FROM `b_order` [ RunTime:0.0005s ]
SQL: SELECT COUNT(*) AS tp_count FROM `b_order` WHERE `d_id` = 749 LIMIT 1   [ RunTime:0.0002s ]
SQL: SELECT SUM(line_time) AS tp_sum FROM `d_online_record` WHERE `d_id` = 749 AND `sdate` > 1572105600 LIMIT 1   [ RunTime:0.0003s ]

[ 2019-10-27T13:45:37+08:00 ] 111.163.136.247 /Appdata/gethomeinfo
INFO: [ app_init ] --START--
INFO: Run Behavior\BuildLiteBehavior [ RunTime:0.000011s ]
INFO: [ app_init ] --END-- [ RunTime:0.000081s ]
INFO: [ app_begin ] --START--
INFO: Run Behavior\ReadHtmlCacheBehavior [ RunTime:0.000038s ]
INFO: [ app_begin ] --END-- [ RunTime:0.000074s ]
INFO: [ app_end ] --START--
INFO: Run Behavior\ShowPageTraceBehavior [ RunTime:0.000065s ]
INFO: [ app_end ] --END-- [ RunTime:0.000102s ]

[ 2019-10-27T13:45:43+08:00 ] 111.163.136.247 /Appdata/order_verification
INFO: [ app_init ] --START--
INFO: Run Behavior\BuildLiteBehavior [ RunTime:0.000012s ]
INFO: [ app_init ] --END-- [ RunTime:0.000100s ]
INFO: [ app_begin ] --START--
INFO: Run Behavior\ReadHtmlCacheBehavior [ RunTime:0.000042s ]
INFO: [ app_begin ] --END-- [ RunTime:0.000089s ]
SQL:     select b_order.id o_id,b_order.u_id,b_order.d_id,b_order.s_lat,b_order.s_lng,b_order.saddress,
            b_order.e_lat,b_order.e_lng,b_order.eaddress,b_order.state,s_user.phone,b_order.sdate,b_order.operation,s_user.headimgurl,
            b_order.mileage_fee,b_order.duration_fee,b_order.amount,b_order.distance,b_order.duration 
        from b_order 
        left join s_user on s_user.id = b_order.u_id 
         WHERE b_order.d_id = '749' AND b_order.d_confirmation = 'N' AND b_order.state IN ('new','on','arrived','active','wait_pay')  [ RunTime:0.0007s ]

[ 2019-10-27T13:45:43+08:00 ] 111.163.136.247 /Appdata/gethomeinfo
INFO: [ app_init ] --START--
INFO: Run Behavior\BuildLiteBehavior [ RunTime:0.000016s ]
INFO: [ app_init ] --END-- [ RunTime:0.000112s ]
INFO: [ app_begin ] --START--
INFO: Run Behavior\ReadHtmlCacheBehavior [ RunTime:0.000066s ]
INFO: [ app_begin ] --END-- [ RunTime:0.000118s ]
INFO: [ app_end ] --START--
INFO: Run Behavior\ShowPageTraceBehavior [ RunTime:0.000077s ]
INFO: [ app_end ] --END-- [ RunTime:0.000133s ]

[ 2019-10-27T13:45:43+08:00 ] 111.163.136.247 /Appdata/homePage
INFO: [ app_init ] --START--
INFO: Run Behavior\BuildLiteBehavior [ RunTime:0.000016s ]
INFO: [ app_init ] --END-- [ RunTime:0.000112s ]
INFO: [ app_begin ] --START--
INFO: Run Behavior\ReadHtmlCacheBehavior [ RunTime:0.000065s ]
INFO: [ app_begin ] --END-- [ RunTime:0.000118s ]
NOTIC: [2] unlink(./Application/Runtime/Temp/85d225028143ad369dd20f1597565241.php): No such file or directory /www/ThinkPHP/Library/Think/Cache/Driver/File.class.php 第 157 行.
SQL: SHOW COLUMNS FROM `s_driver` [ RunTime:0.0007s ]
SQL: UPDATE `s_driver` SET `state`='off' WHERE `id` = 749 [ RunTime:0.0032s ]
NOTIC: [2] unlink(./Application/Runtime/Temp/f76e3a8a2edddc7f9ba7ac55cba07d1c.php): No such file or directory /www/ThinkPHP/Library/Think/Cache/Driver/File.class.php 第 157 行.
SQL: SELECT `address_id` FROM `s_driver` WHERE ( id = 749 ) LIMIT 1   [ RunTime:0.0002s ]
SQL: SHOW COLUMNS FROM `d_online_record` [ RunTime:0.0003s ]
SQL: SELECT * FROM `d_online_record` WHERE `d_id` = 749 AND `edate` = 0 LIMIT 1   [ RunTime:0.0004s ]
NOTIC: [2] unlink(./Application/Runtime/Temp/173fa121da3b5226578fdcb7b0ce8a2b.php): No such file or directory /www/ThinkPHP/Library/Think/Cache/Driver/File.class.php 第 157 行.
SQL:     select count(s_driver.id) count_today_order,ifnull(SUM(b_order.amount),0) sum_amount,s_driver.lits,s_driver.maturity_date,ifnull((select FORMAT(AVG(point),1) from d_point where d_id=749),5) point,s_driver.operation,
                ifnull((select COUNT(s_complaint.id) from s_complaint where d_id=749),0) complaint 
        from  s_driver 
        left join b_order on s_driver.id = b_order.d_id 
         WHERE s_driver.id = '749' AND b_order.state = 'end' AND b_order.sdate > '2019-10-27 00:00:00'  [ RunTime:0.0010s ]
SQL: SHOW COLUMNS FROM `b_order` [ RunTime:0.0005s ]
SQL: SELECT COUNT(*) AS tp_count FROM `b_order` WHERE `d_id` = 749 LIMIT 1   [ RunTime:0.0002s ]
SQL: SELECT SUM(line_time) AS tp_sum FROM `d_online_record` WHERE `d_id` = 749 AND `sdate` > 1572105600 LIMIT 1   [ RunTime:0.0003s ]

[ 2019-10-27T13:45:44+08:00 ] 111.163.136.247 /Appdata/getdistancelimit
INFO: [ app_init ] --START--
INFO: Run Behavior\BuildLiteBehavior [ RunTime:0.000013s ]
INFO: [ app_init ] --END-- [ RunTime:0.000087s ]
INFO: [ app_begin ] --START--
INFO: Run Behavior\ReadHtmlCacheBehavior [ RunTime:0.000038s ]
INFO: [ app_begin ] --END-- [ RunTime:0.000074s ]

[ 2019-10-27T13:45:53+08:00 ] 111.163.136.247 /Index/index?code=021z30AT1Lfp741YTNwT1XKOzT1z30AX&state=gh_008a50db02b8
INFO: [ app_init ] --START--
INFO: Run Behavior\BuildLiteBehavior [ RunTime:0.000012s ]
INFO: [ app_init ] --END-- [ RunTime:0.000104s ]
INFO: [ app_begin ] --START--
INFO: Run Behavior\ReadHtmlCacheBehavior [ RunTime:0.000048s ]
INFO: [ app_begin ] --END-- [ RunTime:0.000086s ]
NOTIC: [8] Use of undefined constant CURL_SSLVERSION_SSL - assumed 'CURL_SSLVERSION_SSL' /www/Application/Common/Common/function.php 第 31 行.
NOTIC: [2] curl_setopt() expects parameter 2 to be integer, string given /www/Application/Common/Common/function.php 第 31 行.
SQL: SHOW COLUMNS FROM `s_user` [ RunTime:0.0006s ]
SQL: SELECT `id`,`phone`,`openid` FROM `s_user` WHERE `unionid` = 'o4_yz0vzZfrHJuUnQa73-SCjsMg4' LIMIT 1   [ RunTime:0.0002s ]
SQL: SHOW COLUMNS FROM `s_coupon` [ RunTime:0.0004s ]
SQL: SELECT `u_id`,`amount` FROM `s_coupon` WHERE `u_id` = 46268 AND `user` = 'N' AND `sdate` < '2019-10-27 13:45:53' AND `edate` > '2019-10-27 13:45:53' LIMIT 1   [ RunTime:0.0142s ]
NOTIC: [8] Use of undefined constant CURL_SSLVERSION_SSL - assumed 'CURL_SSLVERSION_SSL' /www/Application/Common/Common/function.php 第 31 行.
NOTIC: [2] curl_setopt() expects parameter 2 to be integer, string given /www/Application/Common/Common/function.php 第 31 行.
NOTIC: [8] Use of undefined constant CURL_SSLVERSION_SSL - assumed 'CURL_SSLVERSION_SSL' /www/Application/Common/Common/function.php 第 31 行.
NOTIC: [2] curl_setopt() expects parameter 2 to be integer, string given /www/Application/Common/Common/function.php 第 31 行.
INFO: [ view_parse ] --START--
INFO: [ template_filter ] --START--
INFO: Run Behavior\ContentReplaceBehavior [ RunTime:0.000159s ]
INFO: [ template_filter ] --END-- [ RunTime:0.000210s ]
INFO: Run Behavior\ParseTemplateBehavior [ RunTime:0.003780s ]
INFO: [ view_parse ] --END-- [ RunTime:0.003841s ]
INFO: [ view_filter ] --START--
INFO: Run Behavior\WriteHtmlCacheBehavior [ RunTime:0.000076s ]
INFO: [ view_filter ] --END-- [ RunTime:0.000110s ]
INFO: [ app_end ] --START--
INFO: Run Behavior\ShowPageTraceBehavior [ RunTime:0.000055s ]
INFO: [ app_end ] --END-- [ RunTime:0.000092s ]

[ 2019-10-27T13:45:54+08:00 ] 111.163.136.247 /favicon.ico
INFO: [ app_init ] --START--
INFO: Run Behavior\BuildLiteBehavior [ RunTime:0.000023s ]
INFO: [ app_init ] --END-- [ RunTime:0.000088s ]

[ 2019-10-27T13:45:58+08:00 ] 111.163.136.247 /User/addressid_check
INFO: [ app_init ] --START--
INFO: Run Behavior\BuildLiteBehavior [ RunTime:0.000026s ]
INFO: [ app_init ] --END-- [ RunTime:0.000089s ]
INFO: [ app_begin ] --START--
INFO: Run Behavior\ReadHtmlCacheBehavior [ RunTime:0.000037s ]
INFO: [ app_begin ] --END-- [ RunTime:0.000067s ]

[ 2019-10-27T13:45:58+08:00 ] 111.163.136.247 /index.php/Index/wait
INFO: [ app_init ] --START--
INFO: Run Behavior\BuildLiteBehavior [ RunTime:0.000010s ]
INFO: [ app_init ] --END-- [ RunTime:0.000070s ]
INFO: [ app_begin ] --START--
INFO: Run Behavior\ReadHtmlCacheBehavior [ RunTime:0.000043s ]
INFO: [ app_begin ] --END-- [ RunTime:0.000079s ]
INFO: [ view_parse ] --START--
INFO: [ template_filter ] --START--
INFO: Run Behavior\ContentReplaceBehavior [ RunTime:0.000061s ]
INFO: [ template_filter ] --END-- [ RunTime:0.000101s ]
NOTIC: [8] Undefined index: timestap /www/Application/Runtime/Cache/Home/175e9416d015e93b0ebad8a95081ad86.php 第 47 行.
INFO: Run Behavior\ParseTemplateBehavior [ RunTime:0.001576s ]
INFO: [ view_parse ] --END-- [ RunTime:0.001619s ]
INFO: [ view_filter ] --START--
INFO: Run Behavior\WriteHtmlCacheBehavior [ RunTime:0.000068s ]
INFO: [ view_filter ] --END-- [ RunTime:0.000109s ]
INFO: [ app_end ] --START--
INFO: Run Behavior\ShowPageTraceBehavior [ RunTime:0.000047s ]
INFO: [ app_end ] --END-- [ RunTime:0.000084s ]

[ 2019-10-27T13:46:07+08:00 ] 111.163.136.247 /Orderauto/order_on/o_id/26745/start_time/2
INFO: [ app_init ] --START--
INFO: Run Behavior\BuildLiteBehavior [ RunTime:0.000012s ]
INFO: [ app_init ] --END-- [ RunTime:0.000082s ]
INFO: [ app_begin ] --START--
INFO: Run Behavior\ReadHtmlCacheBehavior [ RunTime:0.000043s ]
INFO: [ app_begin ] --END-- [ RunTime:0.000090s ]
SQL:     select b_order.id o_id,b_order.u_id,b_order.d_id,b_order.s_lat,b_order.s_lng,b_order.saddress,
            b_order.e_lat,b_order.e_lng,b_order.eaddress,s_user.phone u_phone,b_order.sdate,b_order.operation,s_user.headimgurl,b_order.address_id,
            b_order.mileage_fee,b_order.duration_fee,b_order.amount,b_order.distance,b_order.duration,
            s_car.car_type,s_car.carcolor,s_car.carnum,if(s_avatar_verify.verify="Y",s_avatar_verify.file,'') avatar,s_driver.card,s_driver.name,s_driver.nickname,s_driver.phone d_phone,s_driver.lits,
                ifnull((select FORMAT(AVG(point),1) from d_point where d_id=b_order.d_id),5) point,
                ifnull((select COUNT(s_complaint.id) from s_complaint where d_id=b_order.d_id),0) complaint,
                (CASE b_order.state 
    WHEN 'on' THEN '尚未接驾' 
    WHEN 'active' THEN '行程中' 
    WHEN 'wait_pay' THEN '待支付' 
    WHEN 'end' THEN '订单结束' 
    WHEN 'cannal' THEN '订单被取消' 
    END)  state_cn,b_order.state 
        from b_order 
        left join s_user on s_user.id = b_order.u_id 
        left join s_driver on s_driver.id = b_order.d_id 
        left join s_car on b_order.d_id = s_car.d_id 
        left join s_avatar_verify on s_avatar_verify.d_id = b_order.d_id 
         WHERE b_order.id = '26745'  [ RunTime:0.0021s ]
SQL: SHOW COLUMNS FROM `m_user_wait_reward_set` [ RunTime:0.0004s ]
SQL: SELECT * FROM `m_user_wait_reward_set` WHERE `address_id` = 3 LIMIT 1   [ RunTime:0.0002s ]
INFO: [ view_parse ] --START--
INFO: [ template_filter ] --START--
INFO: Run Behavior\ContentReplaceBehavior [ RunTime:0.000109s ]
INFO: [ template_filter ] --END-- [ RunTime:0.000167s ]
INFO: Run Behavior\ParseTemplateBehavior [ RunTime:0.003104s ]
INFO: [ view_parse ] --END-- [ RunTime:0.003149s ]
INFO: [ view_filter ] --START--
INFO: Run Behavior\WriteHtmlCacheBehavior [ RunTime:0.000064s ]
INFO: [ view_filter ] --END-- [ RunTime:0.000110s ]
INFO: [ app_end ] --START--
INFO: Run Behavior\ShowPageTraceBehavior [ RunTime:0.000058s ]
INFO: [ app_end ] --END-- [ RunTime:0.000097s ]

[ 2019-10-27T13:46:07+08:00 ] 111.163.136.247 /index.php/Orderauto/drive_dynamic
INFO: [ app_init ] --START--
INFO: Run Behavior\BuildLiteBehavior [ RunTime:0.000016s ]
INFO: [ app_init ] --END-- [ RunTime:0.000097s ]
INFO: [ app_begin ] --START--
INFO: Run Behavior\ReadHtmlCacheBehavior [ RunTime:0.000041s ]
INFO: [ app_begin ] --END-- [ RunTime:0.000073s ]
SQL: SHOW COLUMNS FROM `m_user_wait_reward_set` [ RunTime:0.0005s ]
SQL: SELECT * FROM `m_user_wait_reward_set` WHERE `address_id` = 3 LIMIT 1   [ RunTime:0.0002s ]

[ 2019-10-27T13:46:09+08:00 ] 111.163.136.247 /index.php/Orderauto/canecl_order?o_id=26745
INFO: [ app_init ] --START--
INFO: Run Behavior\BuildLiteBehavior [ RunTime:0.000015s ]
INFO: [ app_init ] --END-- [ RunTime:0.000097s ]
INFO: [ app_begin ] --START--
INFO: Run Behavior\ReadHtmlCacheBehavior [ RunTime:0.000047s ]
INFO: [ app_begin ] --END-- [ RunTime:0.000085s ]
SQL: SHOW COLUMNS FROM `b_cancel_order_reason` [ RunTime:0.0005s ]
SQL: SELECT * FROM `b_cancel_order_reason`  [ RunTime:0.0002s ]
INFO: [ view_parse ] --START--
INFO: [ template_filter ] --START--
INFO: Run Behavior\ContentReplaceBehavior [ RunTime:0.000062s ]
INFO: [ template_filter ] --END-- [ RunTime:0.000107s ]
INFO: Run Behavior\ParseTemplateBehavior [ RunTime:0.002553s ]
INFO: [ view_parse ] --END-- [ RunTime:0.002609s ]
INFO: [ view_filter ] --START--
INFO: Run Behavior\WriteHtmlCacheBehavior [ RunTime:0.000062s ]
INFO: [ view_filter ] --END-- [ RunTime:0.000102s ]
INFO: [ app_end ] --START--
INFO: Run Behavior\ShowPageTraceBehavior [ RunTime:0.000045s ]
INFO: [ app_end ] --END-- [ RunTime:0.000101s ]

[ 2019-10-27T05:46:14+00:00 ] 111.163.136.247 /index.php/Orderauto/canecl_order_chk
INFO: [ app_init ] --START--
INFO: Run Behavior\BuildLiteBehavior [ RunTime:0.000013s ]
INFO: [ app_init ] --END-- [ RunTime:0.000093s ]
INFO: [ app_begin ] --START--
INFO: Run Behavior\ReadHtmlCacheBehavior [ RunTime:0.000041s ]
INFO: [ app_begin ] --END-- [ RunTime:0.000073s ]
SQL:         select b_order.id o_id,b_order.u_id,b_order.d_id 
            from b_order 
             WHERE b_order.id = '26745' AND b_order.state IN ('new','on','arrived') [ RunTime:0.0003s ]
SQL: SHOW COLUMNS FROM `b_order` [ RunTime:0.0007s ]
SQL: UPDATE `b_order` SET `state`='cannal',`cancel_id`='9',`d_confirmation`='Y' WHERE `id` = 26745 [ RunTime:0.0039s ]
SQL: SHOW COLUMNS FROM `s_driver` [ RunTime:0.0005s ]
SQL: UPDATE `s_driver` SET `state`='off' WHERE `id` = 749 [ RunTime:0.0032s ]
SQL: SELECT `registered_id` FROM `s_driver` WHERE `id` = 749 LIMIT 1   [ RunTime:0.0001s ]
NOTIC: [8] Use of undefined constant CURL_SSLVERSION_SSL - assumed 'CURL_SSLVERSION_SSL' /www/Application/Common/Common/function.php 第 31 行.
NOTIC: [2] curl_setopt() expects parameter 2 to be integer, string given /www/Application/Common/Common/function.php 第 31 行.
NOTIC: [2] unlink(./Application/Runtime/Temp/173fa121da3b5226578fdcb7b0ce8a2b.php): No such file or directory /www/ThinkPHP/Library/Think/Cache/Driver/File.class.php 第 157 行.
SQL: SHOW COLUMNS FROM `s_user` [ RunTime:0.0006s ]
SQL: UPDATE `s_user` SET `state`='N' WHERE `id` = 46268 [ RunTime:0.0027s ]
NOTIC: [8] Use of undefined constant CURL_SSLVERSION_SSL - assumed 'CURL_SSLVERSION_SSL' /www/Application/Common/Common/function.php 第 44 行.
NOTIC: [2] curl_setopt() expects parameter 2 to be integer, string given /www/Application/Common/Common/function.php 第 44 行.

[ 2019-10-27T13:46:15+08:00 ] 111.163.136.247 /Appdata/order_verification
INFO: [ app_init ] --START--
INFO: Run Behavior\BuildLiteBehavior [ RunTime:0.000012s ]
INFO: [ app_init ] --END-- [ RunTime:0.000101s ]
INFO: [ app_begin ] --START--
INFO: Run Behavior\ReadHtmlCacheBehavior [ RunTime:0.000040s ]
INFO: [ app_begin ] --END-- [ RunTime:0.000073s ]
SQL:     select b_order.id o_id,b_order.u_id,b_order.d_id,b_order.s_lat,b_order.s_lng,b_order.saddress,
            b_order.e_lat,b_order.e_lng,b_order.eaddress,b_order.state,s_user.phone,b_order.sdate,b_order.operation,s_user.headimgurl,
            b_order.mileage_fee,b_order.duration_fee,b_order.amount,b_order.distance,b_order.duration 
        from b_order 
        left join s_user on s_user.id = b_order.u_id 
         WHERE b_order.d_id = '749' AND b_order.d_confirmation = 'N' AND b_order.state IN ('new','on','arrived','active','wait_pay')  [ RunTime:0.0007s ]

[ 2019-10-27T13:46:15+08:00 ] 111.163.136.247 /Appdata/homePage
INFO: [ app_init ] --START--
INFO: Run Behavior\BuildLiteBehavior [ RunTime:0.000017s ]
INFO: [ app_init ] --END-- [ RunTime:0.000111s ]
INFO: [ app_begin ] --START--
INFO: Run Behavior\ReadHtmlCacheBehavior [ RunTime:0.000051s ]
INFO: [ app_begin ] --END-- [ RunTime:0.000101s ]
SQL: SHOW COLUMNS FROM `s_driver` [ RunTime:0.0007s ]
SQL: UPDATE `s_driver` SET `state`='off' WHERE `id` = 749 [ RunTime:0.0027s ]
SQL: SELECT `address_id` FROM `s_driver` WHERE ( id = 749 ) LIMIT 1   [ RunTime:0.0002s ]
SQL: SHOW COLUMNS FROM `d_online_record` [ RunTime:0.0003s ]
SQL: SELECT * FROM `d_online_record` WHERE `d_id` = 749 AND `edate` = 0 LIMIT 1   [ RunTime:0.0004s ]
SQL: UPDATE `d_online_record` SET `edate`='1572155175',`line_time`='30' WHERE `id` = 135291 [ RunTime:0.0020s ]
NOTIC: [2] unlink(./Application/Runtime/Temp/173fa121da3b5226578fdcb7b0ce8a2b.php): No such file or directory /www/ThinkPHP/Library/Think/Cache/Driver/File.class.php 第 157 行.
SQL:     select count(s_driver.id) count_today_order,ifnull(SUM(b_order.amount),0) sum_amount,s_driver.lits,s_driver.maturity_date,ifnull((select FORMAT(AVG(point),1) from d_point where d_id=749),5) point,s_driver.operation,
                ifnull((select COUNT(s_complaint.id) from s_complaint where d_id=749),0) complaint 
        from  s_driver 
        left join b_order on s_driver.id = b_order.d_id 
         WHERE s_driver.id = '749' AND b_order.state = 'end' AND b_order.sdate > '2019-10-27 00:00:00'  [ RunTime:0.0011s ]
SQL: SHOW COLUMNS FROM `b_order` [ RunTime:0.0005s ]
SQL: SELECT COUNT(*) AS tp_count FROM `b_order` WHERE `d_id` = 749 LIMIT 1   [ RunTime:0.0002s ]
SQL: SELECT SUM(line_time) AS tp_sum FROM `d_online_record` WHERE `d_id` = 749 AND `sdate` > 1572105600 LIMIT 1   [ RunTime:0.0004s ]

[ 2019-10-27T13:46:15+08:00 ] 111.163.136.247 /Appdata/gethomeinfo
INFO: [ app_init ] --START--
INFO: Run Behavior\BuildLiteBehavior [ RunTime:0.000011s ]
INFO: [ app_init ] --END-- [ RunTime:0.000070s ]
INFO: [ app_begin ] --START--
INFO: Run Behavior\ReadHtmlCacheBehavior [ RunTime:0.000040s ]
INFO: [ app_begin ] --END-- [ RunTime:0.000075s ]
INFO: [ app_end ] --START--
INFO: Run Behavior\ShowPageTraceBehavior [ RunTime:0.000051s ]
INFO: [ app_end ] --END-- [ RunTime:0.000087s ]

[ 2019-10-27T13:46:15+08:00 ] 111.163.136.247 /index.php/Orderauto/cencel_success
INFO: [ app_init ] --START--
INFO: Run Behavior\BuildLiteBehavior [ RunTime:0.000012s ]
INFO: [ app_init ] --END-- [ RunTime:0.000090s ]
INFO: [ app_begin ] --START--
INFO: Run Behavior\ReadHtmlCacheBehavior [ RunTime:0.000050s ]
INFO: [ app_begin ] --END-- [ RunTime:0.000086s ]
INFO: [ view_parse ] --START--
INFO: [ template_filter ] --START--
INFO: Run Behavior\ContentReplaceBehavior [ RunTime:0.000036s ]
INFO: [ template_filter ] --END-- [ RunTime:0.000075s ]
INFO: Run Behavior\ParseTemplateBehavior [ RunTime:0.001007s ]
INFO: [ view_parse ] --END-- [ RunTime:0.001047s ]
INFO: [ view_filter ] --START--
INFO: Run Behavior\WriteHtmlCacheBehavior [ RunTime:0.000084s ]
INFO: [ view_filter ] --END-- [ RunTime:0.000121s ]
INFO: [ app_end ] --START--
INFO: Run Behavior\ShowPageTraceBehavior [ RunTime:0.000041s ]
INFO: [ app_end ] --END-- [ RunTime:0.000073s ]

[ 2019-10-27T13:46:49+08:00 ] 111.163.136.247 /Appdata/order_verification
INFO: [ app_init ] --START--
INFO: Run Behavior\BuildLiteBehavior [ RunTime:0.000013s ]
INFO: [ app_init ] --END-- [ RunTime:0.000126s ]
INFO: [ app_begin ] --START--
INFO: Run Behavior\ReadHtmlCacheBehavior [ RunTime:0.000041s ]
INFO: [ app_begin ] --END-- [ RunTime:0.000075s ]
SQL:     select b_order.id o_id,b_order.u_id,b_order.d_id,b_order.s_lat,b_order.s_lng,b_order.saddress,
            b_order.e_lat,b_order.e_lng,b_order.eaddress,b_order.state,s_user.phone,b_order.sdate,b_order.operation,s_user.headimgurl,
            b_order.mileage_fee,b_order.duration_fee,b_order.amount,b_order.distance,b_order.duration 
        from b_order 
        left join s_user on s_user.id = b_order.u_id 
         WHERE b_order.d_id = '749' AND b_order.d_confirmation = 'N' AND b_order.state IN ('new','on','arrived','active','wait_pay')  [ RunTime:0.0007s ]

[ 2019-10-27T13:46:49+08:00 ] 111.163.136.247 /Appdata/gethomeinfo
INFO: [ app_init ] --START--
INFO: Run Behavior\BuildLiteBehavior [ RunTime:0.000011s ]
INFO: [ app_init ] --END-- [ RunTime:0.000080s ]
INFO: [ app_begin ] --START--
INFO: Run Behavior\ReadHtmlCacheBehavior [ RunTime:0.000036s ]
INFO: [ app_begin ] --END-- [ RunTime:0.000070s ]
INFO: [ app_end ] --START--
INFO: Run Behavior\ShowPageTraceBehavior [ RunTime:0.000050s ]
INFO: [ app_end ] --END-- [ RunTime:0.000089s ]

[ 2019-10-27T13:46:49+08:00 ] 111.163.136.247 /Appdata/homePage
INFO: [ app_init ] --START--
INFO: Run Behavior\BuildLiteBehavior [ RunTime:0.000009s ]
INFO: [ app_init ] --END-- [ RunTime:0.000069s ]
INFO: [ app_begin ] --START--
INFO: Run Behavior\ReadHtmlCacheBehavior [ RunTime:0.000037s ]
INFO: [ app_begin ] --END-- [ RunTime:0.000073s ]
NOTIC: [2] unlink(./Application/Runtime/Temp/85d225028143ad369dd20f1597565241.php): No such file or directory /www/ThinkPHP/Library/Think/Cache/Driver/File.class.php 第 157 行.
SQL: SHOW COLUMNS FROM `s_driver` [ RunTime:0.0006s ]
SQL: UPDATE `s_driver` SET `state`='off' WHERE `id` = 749 [ RunTime:0.0028s ]
NOTIC: [2] unlink(./Application/Runtime/Temp/f76e3a8a2edddc7f9ba7ac55cba07d1c.php): No such file or directory /www/ThinkPHP/Library/Think/Cache/Driver/File.class.php 第 157 行.
SQL: SELECT `address_id` FROM `s_driver` WHERE ( id = 749 ) LIMIT 1   [ RunTime:0.0001s ]
SQL: SHOW COLUMNS FROM `d_online_record` [ RunTime:0.0004s ]
SQL: SELECT * FROM `d_online_record` WHERE `d_id` = 749 AND `edate` = 0 LIMIT 1   [ RunTime:0.0004s ]
NOTIC: [2] unlink(./Application/Runtime/Temp/173fa121da3b5226578fdcb7b0ce8a2b.php): No such file or directory /www/ThinkPHP/Library/Think/Cache/Driver/File.class.php 第 157 行.
SQL:     select count(s_driver.id) count_today_order,ifnull(SUM(b_order.amount),0) sum_amount,s_driver.lits,s_driver.maturity_date,ifnull((select FORMAT(AVG(point),1) from d_point where d_id=749),5) point,s_driver.operation,
                ifnull((select COUNT(s_complaint.id) from s_complaint where d_id=749),0) complaint 
        from  s_driver 
        left join b_order on s_driver.id = b_order.d_id 
         WHERE s_driver.id = '749' AND b_order.state = 'end' AND b_order.sdate > '2019-10-27 00:00:00'  [ RunTime:0.0010s ]
SQL: SHOW COLUMNS FROM `b_order` [ RunTime:0.0005s ]
SQL: SELECT COUNT(*) AS tp_count FROM `b_order` WHERE `d_id` = 749 LIMIT 1   [ RunTime:0.0002s ]
SQL: SELECT SUM(line_time) AS tp_sum FROM `d_online_record` WHERE `d_id` = 749 AND `sdate` > 1572105600 LIMIT 1   [ RunTime:0.0003s ]

[ 2019-10-27T14:05:22+08:00 ] 169.197.108.38 /
INFO: [ app_init ] --START--
INFO: Run Behavior\BuildLiteBehavior [ RunTime:0.000013s ]
INFO: [ app_init ] --END-- [ RunTime:0.000108s ]
INFO: [ app_begin ] --START--
INFO: Run Behavior\ReadHtmlCacheBehavior [ RunTime:0.000052s ]
INFO: [ app_begin ] --END-- [ RunTime:0.000099s ]
SQL: SHOW COLUMNS FROM `s_user` [ RunTime:0.0006s ]
NOTIC: [8] Undefined variable: unionid /www/Application/Home/Controller/IndexController.class.php 第 66 行.
SQL: SELECT `id`,`phone`,`openid` FROM `s_user` WHERE `unionid` = null LIMIT 1   [ RunTime:0.0002s ]
NOTIC: [8] Undefined variable: openid /www/Application/Home/Controller/IndexController.class.php 第 68 行.
NOTIC: [8] Undefined variable: unionid /www/Application/Home/Controller/IndexController.class.php 第 68 行.

[ 2019-10-27T14:05:22+08:00 ] 169.197.108.38 /User/user_login/openid//unionid/
INFO: [ app_init ] --START--
INFO: Run Behavior\BuildLiteBehavior [ RunTime:0.000013s ]
INFO: [ app_init ] --END-- [ RunTime:0.000118s ]
INFO: [ app_begin ] --START--
INFO: Run Behavior\ReadHtmlCacheBehavior [ RunTime:0.000045s ]
INFO: [ app_begin ] --END-- [ RunTime:0.000082s ]

[ 2019-10-27T15:05:47+08:00 ] 111.163.136.247 /favicon.ico
INFO: [ app_init ] --START--
INFO: Run Behavior\BuildLiteBehavior [ RunTime:0.000012s ]
INFO: [ app_init ] --END-- [ RunTime:0.000085s ]

[ 2019-10-27T15:06:51+08:00 ] 111.163.136.247 /Appdata/login
INFO: [ app_init ] --START--
INFO: Run Behavior\BuildLiteBehavior [ RunTime:0.000013s ]
INFO: [ app_init ] --END-- [ RunTime:0.000101s ]
INFO: [ app_begin ] --START--
INFO: Run Behavior\ReadHtmlCacheBehavior [ RunTime:0.000049s ]
INFO: [ app_begin ] --END-- [ RunTime:0.000089s ]
SQL:     select s_driver.id,s_driver.card,s_driver.name,s_driver.all_amount,s_driver.lits,s_driver.state,s_driver.maturity_date,if(s_driver.auto_fee='Y',1,0) auto_fee,s_car.car_type,s_car.carnum,s_driver.reviewed,s_driver.available,if(datediff(d_seal.unblock,NOW())>0,datediff(d_seal.unblock,NOW()),0) unblockday,s_driver.operation,
        ifnull((select FORMAT(AVG(point),1) from d_point where d_id=s_driver.id),5) point 
        from s_driver 
        left join s_car on s_car.d_id = s_driver.id 
        left join d_seal on s_driver.id = d_seal.d_id 
         WHERE s_driver.phone = '17072040970'  [ RunTime:0.0023s ]
SQL: SHOW COLUMNS FROM `s_driver` [ RunTime:0.0006s ]
SQL: UPDATE `s_driver` SET `registered_id`='34b0b82504d84e7f9d9de625079361c2' WHERE `id` = 749 [ RunTime:0.0025s ]
INFO: [ app_end ] --START--
INFO: Run Behavior\ShowPageTraceBehavior [ RunTime:0.000077s ]
INFO: [ app_end ] --END-- [ RunTime:0.000118s ]

[ 2019-10-27T15:06:51+08:00 ] 111.163.136.247 /Appdata/order_verification
INFO: [ app_init ] --START--
INFO: Run Behavior\BuildLiteBehavior [ RunTime:0.000013s ]
INFO: [ app_init ] --END-- [ RunTime:0.000084s ]
INFO: [ app_begin ] --START--
INFO: Run Behavior\ReadHtmlCacheBehavior [ RunTime:0.000047s ]
INFO: [ app_begin ] --END-- [ RunTime:0.000087s ]
SQL:     select b_order.id o_id,b_order.u_id,b_order.d_id,b_order.s_lat,b_order.s_lng,b_order.saddress,
            b_order.e_lat,b_order.e_lng,b_order.eaddress,b_order.state,s_user.phone,b_order.sdate,b_order.operation,s_user.headimgurl,
            b_order.mileage_fee,b_order.duration_fee,b_order.amount,b_order.distance,b_order.duration 
        from b_order 
        left join s_user on s_user.id = b_order.u_id 
         WHERE b_order.d_id = '749' AND b_order.d_confirmation = 'N' AND b_order.state IN ('new','on','arrived','active','wait_pay')  [ RunTime:0.0007s ]

[ 2019-10-27T15:06:52+08:00 ] 111.163.136.247 /Appdata/gethomeinfo
INFO: [ app_init ] --START--
INFO: Run Behavior\BuildLiteBehavior [ RunTime:0.000012s ]
INFO: [ app_init ] --END-- [ RunTime:0.000082s ]
INFO: [ app_begin ] --START--
INFO: Run Behavior\ReadHtmlCacheBehavior [ RunTime:0.000044s ]
INFO: [ app_begin ] --END-- [ RunTime:0.000085s ]
INFO: [ app_end ] --START--
INFO: Run Behavior\ShowPageTraceBehavior [ RunTime:0.000049s ]
INFO: [ app_end ] --END-- [ RunTime:0.000098s ]

[ 2019-10-27T15:06:52+08:00 ] 111.163.136.247 /Appdata/homePage
INFO: [ app_init ] --START--
INFO: Run Behavior\BuildLiteBehavior [ RunTime:0.000011s ]
INFO: [ app_init ] --END-- [ RunTime:0.000087s ]
INFO: [ app_begin ] --START--
INFO: Run Behavior\ReadHtmlCacheBehavior [ RunTime:0.000037s ]
INFO: [ app_begin ] --END-- [ RunTime:0.000073s ]
NOTIC: [2] unlink(./Application/Runtime/Temp/85d225028143ad369dd20f1597565241.php): No such file or directory /www/ThinkPHP/Library/Think/Cache/Driver/File.class.php 第 157 行.
SQL: SHOW COLUMNS FROM `s_driver` [ RunTime:0.0007s ]
SQL: UPDATE `s_driver` SET `state`='off' WHERE `id` = 749 [ RunTime:0.0033s ]
NOTIC: [2] unlink(./Application/Runtime/Temp/f76e3a8a2edddc7f9ba7ac55cba07d1c.php): No such file or directory /www/ThinkPHP/Library/Think/Cache/Driver/File.class.php 第 157 行.
SQL: SELECT `address_id` FROM `s_driver` WHERE ( id = 749 ) LIMIT 1   [ RunTime:0.0002s ]
SQL: SHOW COLUMNS FROM `d_online_record` [ RunTime:0.0004s ]
SQL: SELECT * FROM `d_online_record` WHERE `d_id` = 749 AND `edate` = 0 LIMIT 1   [ RunTime:0.0004s ]
NOTIC: [2] unlink(./Application/Runtime/Temp/173fa121da3b5226578fdcb7b0ce8a2b.php): No such file or directory /www/ThinkPHP/Library/Think/Cache/Driver/File.class.php 第 157 行.
SQL:     select count(s_driver.id) count_today_order,ifnull(SUM(b_order.amount),0) sum_amount,s_driver.lits,s_driver.maturity_date,ifnull((select FORMAT(AVG(point),1) from d_point where d_id=749),5) point,s_driver.operation,
                ifnull((select COUNT(s_complaint.id) from s_complaint where d_id=749),0) complaint 
        from  s_driver 
        left join b_order on s_driver.id = b_order.d_id 
         WHERE s_driver.id = '749' AND b_order.state = 'end' AND b_order.sdate > '2019-10-27 00:00:00'  [ RunTime:0.0011s ]
SQL: SHOW COLUMNS FROM `b_order` [ RunTime:0.0005s ]
SQL: SELECT COUNT(*) AS tp_count FROM `b_order` WHERE `d_id` = 749 LIMIT 1   [ RunTime:0.0002s ]
SQL: SELECT SUM(line_time) AS tp_sum FROM `d_online_record` WHERE `d_id` = 749 AND `sdate` > 1572105600 LIMIT 1   [ RunTime:0.0003s ]

[ 2019-10-27T15:06:56+08:00 ] 111.163.136.247 /Appdata/order_verification
INFO: [ app_init ] --START--
INFO: Run Behavior\BuildLiteBehavior [ RunTime:0.000013s ]
INFO: [ app_init ] --END-- [ RunTime:0.000104s ]
INFO: [ app_begin ] --START--
INFO: Run Behavior\ReadHtmlCacheBehavior [ RunTime:0.000042s ]
INFO: [ app_begin ] --END-- [ RunTime:0.000081s ]
SQL:     select b_order.id o_id,b_order.u_id,b_order.d_id,b_order.s_lat,b_order.s_lng,b_order.saddress,
            b_order.e_lat,b_order.e_lng,b_order.eaddress,b_order.state,s_user.phone,b_order.sdate,b_order.operation,s_user.headimgurl,
            b_order.mileage_fee,b_order.duration_fee,b_order.amount,b_order.distance,b_order.duration 
        from b_order 
        left join s_user on s_user.id = b_order.u_id 
         WHERE b_order.d_id = '749' AND b_order.d_confirmation = 'N' AND b_order.state IN ('new','on','arrived','active','wait_pay')  [ RunTime:0.0007s ]

[ 2019-10-27T15:06:56+08:00 ] 111.163.136.247 /Appdata/gethomeinfo
INFO: [ app_init ] --START--
INFO: Run Behavior\BuildLiteBehavior [ RunTime:0.000026s ]
INFO: [ app_init ] --END-- [ RunTime:0.000103s ]
INFO: [ app_begin ] --START--
INFO: Run Behavior\ReadHtmlCacheBehavior [ RunTime:0.000039s ]
INFO: [ app_begin ] --END-- [ RunTime:0.000075s ]
INFO: [ app_end ] --START--
INFO: Run Behavior\ShowPageTraceBehavior [ RunTime:0.000085s ]
INFO: [ app_end ] --END-- [ RunTime:0.000139s ]

[ 2019-10-27T15:06:56+08:00 ] 111.163.136.247 /Appdata/homePage
INFO: [ app_init ] --START--
INFO: Run Behavior\BuildLiteBehavior [ RunTime:0.000012s ]
INFO: [ app_init ] --END-- [ RunTime:0.000076s ]
INFO: [ app_begin ] --START--
INFO: Run Behavior\ReadHtmlCacheBehavior [ RunTime:0.000039s ]
INFO: [ app_begin ] --END-- [ RunTime:0.000075s ]
NOTIC: [2] unlink(./Application/Runtime/Temp/85d225028143ad369dd20f1597565241.php): No such file or directory /www/ThinkPHP/Library/Think/Cache/Driver/File.class.php 第 157 行.
SQL: SHOW COLUMNS FROM `s_driver` [ RunTime:0.0006s ]
SQL: UPDATE `s_driver` SET `state`='off' WHERE `id` = 749 [ RunTime:0.0028s ]
NOTIC: [2] unlink(./Application/Runtime/Temp/f76e3a8a2edddc7f9ba7ac55cba07d1c.php): No such file or directory /www/ThinkPHP/Library/Think/Cache/Driver/File.class.php 第 157 行.
SQL: SELECT `address_id` FROM `s_driver` WHERE ( id = 749 ) LIMIT 1   [ RunTime:0.0002s ]
SQL: SHOW COLUMNS FROM `d_online_record` [ RunTime:0.0004s ]
SQL: SELECT * FROM `d_online_record` WHERE `d_id` = 749 AND `edate` = 0 LIMIT 1   [ RunTime:0.0004s ]
NOTIC: [2] unlink(./Application/Runtime/Temp/173fa121da3b5226578fdcb7b0ce8a2b.php): No such file or directory /www/ThinkPHP/Library/Think/Cache/Driver/File.class.php 第 157 行.
SQL:     select count(s_driver.id) count_today_order,ifnull(SUM(b_order.amount),0) sum_amount,s_driver.lits,s_driver.maturity_date,ifnull((select FORMAT(AVG(point),1) from d_point where d_id=749),5) point,s_driver.operation,
                ifnull((select COUNT(s_complaint.id) from s_complaint where d_id=749),0) complaint 
        from  s_driver 
        left join b_order on s_driver.id = b_order.d_id 
         WHERE s_driver.id = '749' AND b_order.state = 'end' AND b_order.sdate > '2019-10-27 00:00:00'  [ RunTime:0.0011s ]
SQL: SHOW COLUMNS FROM `b_order` [ RunTime:0.0005s ]
SQL: SELECT COUNT(*) AS tp_count FROM `b_order` WHERE `d_id` = 749 LIMIT 1   [ RunTime:0.0002s ]
SQL: SELECT SUM(line_time) AS tp_sum FROM `d_online_record` WHERE `d_id` = 749 AND `sdate` > 1572105600 LIMIT 1   [ RunTime:0.0004s ]

[ 2019-10-27T15:07:18+08:00 ] 111.163.136.247 /Appseek/gps_fuse
INFO: [ app_init ] --START--
INFO: Run Behavior\BuildLiteBehavior [ RunTime:0.000013s ]
INFO: [ app_init ] --END-- [ RunTime:0.000104s ]
INFO: [ app_begin ] --START--
INFO: Run Behavior\ReadHtmlCacheBehavior [ RunTime:0.000042s ]
INFO: [ app_begin ] --END-- [ RunTime:0.000076s ]
SQL: SHOW COLUMNS FROM `d_gps_fuse` [ RunTime:0.0005s ]
SQL: INSERT INTO `d_gps_fuse` (`d_id`,`date`,`gps`) VALUES ('749','2019-10-27 15:07:18','N') [ RunTime:0.0158s ]
NOTIC: [8] Undefined variable: msg /www/Application/Home/Controller/AppseekController.class.php 第 216 行.

[ 2019-10-27T15:07:24+08:00 ] 111.163.136.247 /Appdata/getdistancelimit
INFO: [ app_init ] --START--
INFO: Run Behavior\BuildLiteBehavior [ RunTime:0.000013s ]
INFO: [ app_init ] --END-- [ RunTime:0.000119s ]
INFO: [ app_begin ] --START--
INFO: Run Behavior\ReadHtmlCacheBehavior [ RunTime:0.000046s ]
INFO: [ app_begin ] --END-- [ RunTime:0.000084s ]

[ 2019-10-27T15:08:05+08:00 ] 111.163.136.247 /Appdata/order_verification
INFO: [ app_init ] --START--
INFO: Run Behavior\BuildLiteBehavior [ RunTime:0.000013s ]
INFO: [ app_init ] --END-- [ RunTime:0.000084s ]
INFO: [ app_begin ] --START--
INFO: Run Behavior\ReadHtmlCacheBehavior [ RunTime:0.000056s ]
INFO: [ app_begin ] --END-- [ RunTime:0.000094s ]
SQL:     select b_order.id o_id,b_order.u_id,b_order.d_id,b_order.s_lat,b_order.s_lng,b_order.saddress,
            b_order.e_lat,b_order.e_lng,b_order.eaddress,b_order.state,s_user.phone,b_order.sdate,b_order.operation,s_user.headimgurl,
            b_order.mileage_fee,b_order.duration_fee,b_order.amount,b_order.distance,b_order.duration 
        from b_order 
        left join s_user on s_user.id = b_order.u_id 
         WHERE b_order.d_id = '749' AND b_order.d_confirmation = 'N' AND b_order.state IN ('new','on','arrived','active','wait_pay')  [ RunTime:0.0007s ]

[ 2019-10-27T15:08:06+08:00 ] 111.163.136.247 /Appdata/gethomeinfo
INFO: [ app_init ] --START--
INFO: Run Behavior\BuildLiteBehavior [ RunTime:0.000016s ]
INFO: [ app_init ] --END-- [ RunTime:0.000114s ]
INFO: [ app_begin ] --START--
INFO: Run Behavior\ReadHtmlCacheBehavior [ RunTime:0.000066s ]
INFO: [ app_begin ] --END-- [ RunTime:0.000124s ]
INFO: [ app_end ] --START--
INFO: Run Behavior\ShowPageTraceBehavior [ RunTime:0.000066s ]
INFO: [ app_end ] --END-- [ RunTime:0.000116s ]

[ 2019-10-27T15:08:06+08:00 ] 111.163.136.247 /Appdata/homePage
INFO: [ app_init ] --START--
INFO: Run Behavior\BuildLiteBehavior [ RunTime:0.000013s ]
INFO: [ app_init ] --END-- [ RunTime:0.000105s ]
INFO: [ app_begin ] --START--
INFO: Run Behavior\ReadHtmlCacheBehavior [ RunTime:0.000041s ]
INFO: [ app_begin ] --END-- [ RunTime:0.000079s ]
NOTIC: [2] unlink(./Application/Runtime/Temp/85d225028143ad369dd20f1597565241.php): No such file or directory /www/ThinkPHP/Library/Think/Cache/Driver/File.class.php 第 157 行.
SQL: SHOW COLUMNS FROM `s_driver` [ RunTime:0.0009s ]
SQL: UPDATE `s_driver` SET `state`='off' WHERE `id` = 749 [ RunTime:0.0027s ]
SQL: SELECT `address_id` FROM `s_driver` WHERE ( id = 749 ) LIMIT 1   [ RunTime:0.0002s ]
SQL: SHOW COLUMNS FROM `d_online_record` [ RunTime:0.0004s ]
SQL: SELECT * FROM `d_online_record` WHERE `d_id` = 749 AND `edate` = 0 LIMIT 1   [ RunTime:0.0004s ]
NOTIC: [2] unlink(./Application/Runtime/Temp/173fa121da3b5226578fdcb7b0ce8a2b.php): No such file or directory /www/ThinkPHP/Library/Think/Cache/Driver/File.class.php 第 157 行.
SQL:     select count(s_driver.id) count_today_order,ifnull(SUM(b_order.amount),0) sum_amount,s_driver.lits,s_driver.maturity_date,ifnull((select FORMAT(AVG(point),1) from d_point where d_id=749),5) point,s_driver.operation,
                ifnull((select COUNT(s_complaint.id) from s_complaint where d_id=749),0) complaint 
        from  s_driver 
        left join b_order on s_driver.id = b_order.d_id 
         WHERE s_driver.id = '749' AND b_order.state = 'end' AND b_order.sdate > '2019-10-27 00:00:00'  [ RunTime:0.0011s ]
SQL: SHOW COLUMNS FROM `b_order` [ RunTime:0.0006s ]
SQL: SELECT COUNT(*) AS tp_count FROM `b_order` WHERE `d_id` = 749 LIMIT 1   [ RunTime:0.0002s ]
SQL: SELECT SUM(line_time) AS tp_sum FROM `d_online_record` WHERE `d_id` = 749 AND `sdate` > 1572105600 LIMIT 1   [ RunTime:0.0004s ]

[ 2019-10-27T15:08:16+08:00 ] 111.163.136.247 /Index/index?code=011Br4DC0z2OYk2m8wBC099KCC0Br4DJ&state=gh_008a50db02b8
INFO: [ app_init ] --START--
INFO: Run Behavior\BuildLiteBehavior [ RunTime:0.000012s ]
INFO: [ app_init ] --END-- [ RunTime:0.000119s ]
INFO: [ app_begin ] --START--
INFO: Run Behavior\ReadHtmlCacheBehavior [ RunTime:0.000050s ]
INFO: [ app_begin ] --END-- [ RunTime:0.000092s ]
NOTIC: [8] Use of undefined constant CURL_SSLVERSION_SSL - assumed 'CURL_SSLVERSION_SSL' /www/Application/Common/Common/function.php 第 31 行.
NOTIC: [2] curl_setopt() expects parameter 2 to be integer, string given /www/Application/Common/Common/function.php 第 31 行.
SQL: SHOW COLUMNS FROM `s_user` [ RunTime:0.0006s ]
SQL: SELECT `id`,`phone`,`openid` FROM `s_user` WHERE `unionid` = 'o4_yz0vzZfrHJuUnQa73-SCjsMg4' LIMIT 1   [ RunTime:0.0002s ]
SQL: SHOW COLUMNS FROM `s_coupon` [ RunTime:0.0004s ]
SQL: SELECT `u_id`,`amount` FROM `s_coupon` WHERE `u_id` = 46268 AND `user` = 'N' AND `sdate` < '2019-10-27 15:08:16' AND `edate` > '2019-10-27 15:08:16' LIMIT 1   [ RunTime:0.0144s ]
INFO: [ view_parse ] --START--
INFO: [ template_filter ] --START--
INFO: Run Behavior\ContentReplaceBehavior [ RunTime:0.000152s ]
INFO: [ template_filter ] --END-- [ RunTime:0.000194s ]
INFO: Run Behavior\ParseTemplateBehavior [ RunTime:0.003358s ]
INFO: [ view_parse ] --END-- [ RunTime:0.003403s ]
INFO: [ view_filter ] --START--
INFO: Run Behavior\WriteHtmlCacheBehavior [ RunTime:0.000065s ]
INFO: [ view_filter ] --END-- [ RunTime:0.000097s ]
INFO: [ app_end ] --START--
INFO: Run Behavior\ShowPageTraceBehavior [ RunTime:0.000074s ]
INFO: [ app_end ] --END-- [ RunTime:0.000109s ]

[ 2019-10-27T15:08:17+08:00 ] 111.163.136.247 /favicon.ico
INFO: [ app_init ] --START--
INFO: Run Behavior\BuildLiteBehavior [ RunTime:0.000012s ]
INFO: [ app_init ] --END-- [ RunTime:0.000079s ]

[ 2019-10-27T15:08:21+08:00 ] 111.163.136.247 /Appdata/getdistancelimit
INFO: [ app_init ] --START--
INFO: Run Behavior\BuildLiteBehavior [ RunTime:0.000013s ]
INFO: [ app_init ] --END-- [ RunTime:0.000114s ]
INFO: [ app_begin ] --START--
INFO: Run Behavior\ReadHtmlCacheBehavior [ RunTime:0.000046s ]
INFO: [ app_begin ] --END-- [ RunTime:0.000092s ]

[ 2019-10-27T15:08:39+08:00 ] 111.163.136.247 /User/addressid_check
INFO: [ app_init ] --START--
INFO: Run Behavior\BuildLiteBehavior [ RunTime:0.000011s ]
INFO: [ app_init ] --END-- [ RunTime:0.000071s ]
INFO: [ app_begin ] --START--
INFO: Run Behavior\ReadHtmlCacheBehavior [ RunTime:0.000038s ]
INFO: [ app_begin ] --END-- [ RunTime:0.000070s ]

[ 2019-10-27T15:08:39+08:00 ] 111.163.136.247 /index.php/Index/wait
INFO: [ app_init ] --START--
INFO: Run Behavior\BuildLiteBehavior [ RunTime:0.000042s ]
INFO: [ app_init ] --END-- [ RunTime:0.000108s ]
INFO: [ app_begin ] --START--
INFO: Run Behavior\ReadHtmlCacheBehavior [ RunTime:0.000040s ]
INFO: [ app_begin ] --END-- [ RunTime:0.000075s ]
INFO: [ view_parse ] --START--
INFO: [ template_filter ] --START--
INFO: Run Behavior\ContentReplaceBehavior [ RunTime:0.000062s ]
INFO: [ template_filter ] --END-- [ RunTime:0.000120s ]
NOTIC: [8] Undefined index: timestap /www/Application/Runtime/Cache/Home/175e9416d015e93b0ebad8a95081ad86.php 第 47 行.
INFO: Run Behavior\ParseTemplateBehavior [ RunTime:0.001613s ]
INFO: [ view_parse ] --END-- [ RunTime:0.001652s ]
INFO: [ view_filter ] --START--
INFO: Run Behavior\WriteHtmlCacheBehavior [ RunTime:0.000074s ]
INFO: [ view_filter ] --END-- [ RunTime:0.000128s ]
INFO: [ app_end ] --START--
INFO: Run Behavior\ShowPageTraceBehavior [ RunTime:0.000048s ]
INFO: [ app_end ] --END-- [ RunTime:0.000082s ]

[ 2019-10-27T15:08:47+08:00 ] 111.163.136.247 /Orderauto/order_on/o_id/26746/start_time/1
INFO: [ app_init ] --START--
INFO: Run Behavior\BuildLiteBehavior [ RunTime:0.000012s ]
INFO: [ app_init ] --END-- [ RunTime:0.000084s ]
INFO: [ app_begin ] --START--
INFO: Run Behavior\ReadHtmlCacheBehavior [ RunTime:0.000044s ]
INFO: [ app_begin ] --END-- [ RunTime:0.000080s ]
SQL:     select b_order.id o_id,b_order.u_id,b_order.d_id,b_order.s_lat,b_order.s_lng,b_order.saddress,
            b_order.e_lat,b_order.e_lng,b_order.eaddress,s_user.phone u_phone,b_order.sdate,b_order.operation,s_user.headimgurl,b_order.address_id,
            b_order.mileage_fee,b_order.duration_fee,b_order.amount,b_order.distance,b_order.duration,
            s_car.car_type,s_car.carcolor,s_car.carnum,if(s_avatar_verify.verify="Y",s_avatar_verify.file,'') avatar,s_driver.card,s_driver.name,s_driver.nickname,s_driver.phone d_phone,s_driver.lits,
                ifnull((select FORMAT(AVG(point),1) from d_point where d_id=b_order.d_id),5) point,
                ifnull((select COUNT(s_complaint.id) from s_complaint where d_id=b_order.d_id),0) complaint,
                (CASE b_order.state 
    WHEN 'on' THEN '尚未接驾' 
    WHEN 'active' THEN '行程中' 
    WHEN 'wait_pay' THEN '待支付' 
    WHEN 'end' THEN '订单结束' 
    WHEN 'cannal' THEN '订单被取消' 
    END)  state_cn,b_order.state 
        from b_order 
        left join s_user on s_user.id = b_order.u_id 
        left join s_driver on s_driver.id = b_order.d_id 
        left join s_car on b_order.d_id = s_car.d_id 
        left join s_avatar_verify on s_avatar_verify.d_id = b_order.d_id 
         WHERE b_order.id = '26746'  [ RunTime:0.0023s ]
SQL: SHOW COLUMNS FROM `m_user_wait_reward_set` [ RunTime:0.0005s ]
SQL: SELECT * FROM `m_user_wait_reward_set` WHERE `address_id` = 3 LIMIT 1   [ RunTime:0.0002s ]
INFO: [ view_parse ] --START--
INFO: [ template_filter ] --START--
INFO: Run Behavior\ContentReplaceBehavior [ RunTime:0.000115s ]
INFO: [ template_filter ] --END-- [ RunTime:0.000160s ]
INFO: Run Behavior\ParseTemplateBehavior [ RunTime:0.003143s ]
INFO: [ view_parse ] --END-- [ RunTime:0.003189s ]
INFO: [ view_filter ] --START--
INFO: Run Behavior\WriteHtmlCacheBehavior [ RunTime:0.000084s ]
INFO: [ view_filter ] --END-- [ RunTime:0.000130s ]
INFO: [ app_end ] --START--
INFO: Run Behavior\ShowPageTraceBehavior [ RunTime:0.000059s ]
INFO: [ app_end ] --END-- [ RunTime:0.000097s ]

[ 2019-10-27T15:08:47+08:00 ] 111.163.136.247 /index.php/Orderauto/drive_dynamic
INFO: [ app_init ] --START--
INFO: Run Behavior\BuildLiteBehavior [ RunTime:0.000012s ]
INFO: [ app_init ] --END-- [ RunTime:0.000088s ]
INFO: [ app_begin ] --START--
INFO: Run Behavior\ReadHtmlCacheBehavior [ RunTime:0.000045s ]
INFO: [ app_begin ] --END-- [ RunTime:0.000081s ]
SQL: SHOW COLUMNS FROM `m_user_wait_reward_set` [ RunTime:0.0006s ]
SQL: SELECT * FROM `m_user_wait_reward_set` WHERE `address_id` = 3 LIMIT 1   [ RunTime:0.0002s ]

[ 2019-10-27T15:08:51+08:00 ] 111.163.136.247 /index.php/Orderauto/drive_dynamic
INFO: [ app_init ] --START--
INFO: Run Behavior\BuildLiteBehavior [ RunTime:0.000013s ]
INFO: [ app_init ] --END-- [ RunTime:0.000107s ]
INFO: [ app_begin ] --START--
INFO: Run Behavior\ReadHtmlCacheBehavior [ RunTime:0.000050s ]
INFO: [ app_begin ] --END-- [ RunTime:0.000099s ]
SQL: SHOW COLUMNS FROM `m_user_wait_reward_set` [ RunTime:0.0005s ]
SQL: SELECT * FROM `m_user_wait_reward_set` WHERE `address_id` = 3 LIMIT 1   [ RunTime:0.0002s ]

[ 2019-10-27T15:08:55+08:00 ] 111.163.136.247 /index.php/Orderauto/drive_dynamic
INFO: [ app_init ] --START--
INFO: Run Behavior\BuildLiteBehavior [ RunTime:0.000013s ]
INFO: [ app_init ] --END-- [ RunTime:0.000117s ]
INFO: [ app_begin ] --START--
INFO: Run Behavior\ReadHtmlCacheBehavior [ RunTime:0.000039s ]
INFO: [ app_begin ] --END-- [ RunTime:0.000070s ]
SQL: SHOW COLUMNS FROM `m_user_wait_reward_set` [ RunTime:0.0005s ]
SQL: SELECT * FROM `m_user_wait_reward_set` WHERE `address_id` = 3 LIMIT 1   [ RunTime:0.0002s ]

[ 2019-10-27T15:08:57+08:00 ] 111.163.136.247 /index.php/Orderauto/canecl_order?o_id=26746
INFO: [ app_init ] --START--
INFO: Run Behavior\BuildLiteBehavior [ RunTime:0.000012s ]
INFO: [ app_init ] --END-- [ RunTime:0.000094s ]
INFO: [ app_begin ] --START--
INFO: Run Behavior\ReadHtmlCacheBehavior [ RunTime:0.000046s ]
INFO: [ app_begin ] --END-- [ RunTime:0.000087s ]
SQL: SHOW COLUMNS FROM `b_cancel_order_reason` [ RunTime:0.0005s ]
SQL: SELECT * FROM `b_cancel_order_reason`  [ RunTime:0.0002s ]
INFO: [ view_parse ] --START--
INFO: [ template_filter ] --START--
INFO: Run Behavior\ContentReplaceBehavior [ RunTime:0.000059s ]
INFO: [ template_filter ] --END-- [ RunTime:0.000108s ]
INFO: Run Behavior\ParseTemplateBehavior [ RunTime:0.002399s ]
INFO: [ view_parse ] --END-- [ RunTime:0.002443s ]
INFO: [ view_filter ] --START--
INFO: Run Behavior\WriteHtmlCacheBehavior [ RunTime:0.000059s ]
INFO: [ view_filter ] --END-- [ RunTime:0.000091s ]
INFO: [ app_end ] --START--
INFO: Run Behavior\ShowPageTraceBehavior [ RunTime:0.000044s ]
INFO: [ app_end ] --END-- [ RunTime:0.000076s ]

[ 2019-10-27T07:09:00+00:00 ] 111.163.136.247 /index.php/Orderauto/canecl_order_chk
INFO: [ app_init ] --START--
INFO: Run Behavior\BuildLiteBehavior [ RunTime:0.000013s ]
INFO: [ app_init ] --END-- [ RunTime:0.000087s ]
INFO: [ app_begin ] --START--
INFO: Run Behavior\ReadHtmlCacheBehavior [ RunTime:0.000048s ]
INFO: [ app_begin ] --END-- [ RunTime:0.000083s ]
SQL:         select b_order.id o_id,b_order.u_id,b_order.d_id 
            from b_order 
             WHERE b_order.id = '26746' AND b_order.state IN ('new','on','arrived') [ RunTime:0.0003s ]
SQL: SHOW COLUMNS FROM `b_order` [ RunTime:0.0006s ]
SQL: UPDATE `b_order` SET `state`='cannal',`cancel_id`='9',`d_confirmation`='Y' WHERE `id` = 26746 [ RunTime:0.0028s ]
SQL: SHOW COLUMNS FROM `s_driver` [ RunTime:0.0006s ]
SQL: UPDATE `s_driver` SET `state`='off' WHERE `id` = 749 [ RunTime:0.0020s ]
SQL: SELECT `registered_id` FROM `s_driver` WHERE `id` = 749 LIMIT 1   [ RunTime:0.0001s ]
NOTIC: [8] Use of undefined constant CURL_SSLVERSION_SSL - assumed 'CURL_SSLVERSION_SSL' /www/Application/Common/Common/function.php 第 31 行.
NOTIC: [2] curl_setopt() expects parameter 2 to be integer, string given /www/Application/Common/Common/function.php 第 31 行.
NOTIC: [2] unlink(./Application/Runtime/Temp/173fa121da3b5226578fdcb7b0ce8a2b.php): No such file or directory /www/ThinkPHP/Library/Think/Cache/Driver/File.class.php 第 157 行.
SQL: SHOW COLUMNS FROM `s_user` [ RunTime:0.0007s ]
SQL: UPDATE `s_user` SET `state`='N' WHERE `id` = 46268 [ RunTime:0.0026s ]
NOTIC: [8] Use of undefined constant CURL_SSLVERSION_SSL - assumed 'CURL_SSLVERSION_SSL' /www/Application/Common/Common/function.php 第 44 行.
NOTIC: [2] curl_setopt() expects parameter 2 to be integer, string given /www/Application/Common/Common/function.php 第 44 行.

[ 2019-10-27T15:09:02+08:00 ] 111.163.136.247 /index.php/Orderauto/cencel_success
INFO: [ app_init ] --START--
INFO: Run Behavior\BuildLiteBehavior [ RunTime:0.000013s ]
INFO: [ app_init ] --END-- [ RunTime:0.000107s ]
INFO: [ app_begin ] --START--
INFO: Run Behavior\ReadHtmlCacheBehavior [ RunTime:0.000046s ]
INFO: [ app_begin ] --END-- [ RunTime:0.000092s ]
INFO: [ view_parse ] --START--
INFO: [ template_filter ] --START--
INFO: Run Behavior\ContentReplaceBehavior [ RunTime:0.000037s ]
INFO: [ template_filter ] --END-- [ RunTime:0.000079s ]
INFO: Run Behavior\ParseTemplateBehavior [ RunTime:0.001012s ]
INFO: [ view_parse ] --END-- [ RunTime:0.001055s ]
INFO: [ view_filter ] --START--
INFO: Run Behavior\WriteHtmlCacheBehavior [ RunTime:0.000064s ]
INFO: [ view_filter ] --END-- [ RunTime:0.000094s ]
INFO: [ app_end ] --START--
INFO: Run Behavior\ShowPageTraceBehavior [ RunTime:0.000050s ]
INFO: [ app_end ] --END-- [ RunTime:0.000096s ]

[ 2019-10-27T15:09:03+08:00 ] 111.163.136.247 /Appdata/order_verification
INFO: [ app_init ] --START--
INFO: Run Behavior\BuildLiteBehavior [ RunTime:0.000013s ]
INFO: [ app_init ] --END-- [ RunTime:0.000086s ]
INFO: [ app_begin ] --START--
INFO: Run Behavior\ReadHtmlCacheBehavior [ RunTime:0.000039s ]
INFO: [ app_begin ] --END-- [ RunTime:0.000088s ]
SQL:     select b_order.id o_id,b_order.u_id,b_order.d_id,b_order.s_lat,b_order.s_lng,b_order.saddress,
            b_order.e_lat,b_order.e_lng,b_order.eaddress,b_order.state,s_user.phone,b_order.sdate,b_order.operation,s_user.headimgurl,
            b_order.mileage_fee,b_order.duration_fee,b_order.amount,b_order.distance,b_order.duration 
        from b_order 
        left join s_user on s_user.id = b_order.u_id 
         WHERE b_order.d_id = '749' AND b_order.d_confirmation = 'N' AND b_order.state IN ('new','on','arrived','active','wait_pay')  [ RunTime:0.0007s ]

[ 2019-10-27T15:09:03+08:00 ] 111.163.136.247 /Appdata/gethomeinfo
INFO: [ app_init ] --START--
INFO: Run Behavior\BuildLiteBehavior [ RunTime:0.000015s ]
INFO: [ app_init ] --END-- [ RunTime:0.000106s ]
INFO: [ app_begin ] --START--
INFO: Run Behavior\ReadHtmlCacheBehavior [ RunTime:0.000056s ]
INFO: [ app_begin ] --END-- [ RunTime:0.000108s ]
INFO: [ app_end ] --START--
INFO: Run Behavior\ShowPageTraceBehavior [ RunTime:0.000050s ]
INFO: [ app_end ] --END-- [ RunTime:0.000091s ]

[ 2019-10-27T15:09:03+08:00 ] 111.163.136.247 /Appdata/homePage
INFO: [ app_init ] --START--
INFO: Run Behavior\BuildLiteBehavior [ RunTime:0.000013s ]
INFO: [ app_init ] --END-- [ RunTime:0.000086s ]
INFO: [ app_begin ] --START--
INFO: Run Behavior\ReadHtmlCacheBehavior [ RunTime:0.000051s ]
INFO: [ app_begin ] --END-- [ RunTime:0.000087s ]
SQL: SHOW COLUMNS FROM `s_driver` [ RunTime:0.0009s ]
SQL: UPDATE `s_driver` SET `state`='off' WHERE `id` = 749 [ RunTime:0.0030s ]
SQL: SELECT `address_id` FROM `s_driver` WHERE ( id = 749 ) LIMIT 1   [ RunTime:0.0002s ]
SQL: SHOW COLUMNS FROM `d_online_record` [ RunTime:0.0004s ]
SQL: SELECT * FROM `d_online_record` WHERE `d_id` = 749 AND `edate` = 0 LIMIT 1   [ RunTime:0.0004s ]
SQL: UPDATE `d_online_record` SET `edate`='1572160143',`line_time`='42' WHERE `id` = 135293 [ RunTime:0.0021s ]
NOTIC: [2] unlink(./Application/Runtime/Temp/173fa121da3b5226578fdcb7b0ce8a2b.php): No such file or directory /www/ThinkPHP/Library/Think/Cache/Driver/File.class.php 第 157 行.
SQL:     select count(s_driver.id) count_today_order,ifnull(SUM(b_order.amount),0) sum_amount,s_driver.lits,s_driver.maturity_date,ifnull((select FORMAT(AVG(point),1) from d_point where d_id=749),5) point,s_driver.operation,
                ifnull((select COUNT(s_complaint.id) from s_complaint where d_id=749),0) complaint 
        from  s_driver 
        left join b_order on s_driver.id = b_order.d_id 
         WHERE s_driver.id = '749' AND b_order.state = 'end' AND b_order.sdate > '2019-10-27 00:00:00'  [ RunTime:0.0010s ]
SQL: SHOW COLUMNS FROM `b_order` [ RunTime:0.0005s ]
SQL: SELECT COUNT(*) AS tp_count FROM `b_order` WHERE `d_id` = 749 LIMIT 1   [ RunTime:0.0002s ]
SQL: SELECT SUM(line_time) AS tp_sum FROM `d_online_record` WHERE `d_id` = 749 AND `sdate` > 1572105600 LIMIT 1   [ RunTime:0.0003s ]

[ 2019-10-27T15:11:58+08:00 ] 111.163.136.247 /Appdata/order_verification
INFO: [ app_init ] --START--
INFO: Run Behavior\BuildLiteBehavior [ RunTime:0.000013s ]
INFO: [ app_init ] --END-- [ RunTime:0.000109s ]
INFO: [ app_begin ] --START--
INFO: Run Behavior\ReadHtmlCacheBehavior [ RunTime:0.000043s ]
INFO: [ app_begin ] --END-- [ RunTime:0.000079s ]
SQL:     select b_order.id o_id,b_order.u_id,b_order.d_id,b_order.s_lat,b_order.s_lng,b_order.saddress,
            b_order.e_lat,b_order.e_lng,b_order.eaddress,b_order.state,s_user.phone,b_order.sdate,b_order.operation,s_user.headimgurl,
            b_order.mileage_fee,b_order.duration_fee,b_order.amount,b_order.distance,b_order.duration 
        from b_order 
        left join s_user on s_user.id = b_order.u_id 
         WHERE b_order.d_id = '749' AND b_order.d_confirmation = 'N' AND b_order.state IN ('new','on','arrived','active','wait_pay')  [ RunTime:0.0006s ]

[ 2019-10-27T15:11:58+08:00 ] 111.163.136.247 /Appdata/gethomeinfo
INFO: [ app_init ] --START--
INFO: Run Behavior\BuildLiteBehavior [ RunTime:0.000011s ]
INFO: [ app_init ] --END-- [ RunTime:0.000088s ]
INFO: [ app_begin ] --START--
INFO: Run Behavior\ReadHtmlCacheBehavior [ RunTime:0.000039s ]
INFO: [ app_begin ] --END-- [ RunTime:0.000075s ]
INFO: [ app_end ] --START--
INFO: Run Behavior\ShowPageTraceBehavior [ RunTime:0.000055s ]
INFO: [ app_end ] --END-- [ RunTime:0.000095s ]

[ 2019-10-27T15:11:58+08:00 ] 111.163.136.247 /Appdata/homePage
INFO: [ app_init ] --START--
INFO: Run Behavior\BuildLiteBehavior [ RunTime:0.000011s ]
INFO: [ app_init ] --END-- [ RunTime:0.000073s ]
INFO: [ app_begin ] --START--
INFO: Run Behavior\ReadHtmlCacheBehavior [ RunTime:0.000038s ]
INFO: [ app_begin ] --END-- [ RunTime:0.000088s ]
NOTIC: [2] unlink(./Application/Runtime/Temp/85d225028143ad369dd20f1597565241.php): No such file or directory /www/ThinkPHP/Library/Think/Cache/Driver/File.class.php 第 157 行.
SQL: SHOW COLUMNS FROM `s_driver` [ RunTime:0.0007s ]
SQL: UPDATE `s_driver` SET `state`='off' WHERE `id` = 749 [ RunTime:0.0026s ]
NOTIC: [2] unlink(./Application/Runtime/Temp/f76e3a8a2edddc7f9ba7ac55cba07d1c.php): No such file or directory /www/ThinkPHP/Library/Think/Cache/Driver/File.class.php 第 157 行.
SQL: SELECT `address_id` FROM `s_driver` WHERE ( id = 749 ) LIMIT 1   [ RunTime:0.0002s ]
SQL: SHOW COLUMNS FROM `d_online_record` [ RunTime:0.0004s ]
SQL: SELECT * FROM `d_online_record` WHERE `d_id` = 749 AND `edate` = 0 LIMIT 1   [ RunTime:0.0004s ]
NOTIC: [2] unlink(./Application/Runtime/Temp/173fa121da3b5226578fdcb7b0ce8a2b.php): No such file or directory /www/ThinkPHP/Library/Think/Cache/Driver/File.class.php 第 157 行.
SQL:     select count(s_driver.id) count_today_order,ifnull(SUM(b_order.amount),0) sum_amount,s_driver.lits,s_driver.maturity_date,ifnull((select FORMAT(AVG(point),1) from d_point where d_id=749),5) point,s_driver.operation,
                ifnull((select COUNT(s_complaint.id) from s_complaint where d_id=749),0) complaint 
        from  s_driver 
        left join b_order on s_driver.id = b_order.d_id 
         WHERE s_driver.id = '749' AND b_order.state = 'end' AND b_order.sdate > '2019-10-27 00:00:00'  [ RunTime:0.0011s ]
SQL: SHOW COLUMNS FROM `b_order` [ RunTime:0.0005s ]
SQL: SELECT COUNT(*) AS tp_count FROM `b_order` WHERE `d_id` = 749 LIMIT 1   [ RunTime:0.0002s ]
SQL: SELECT SUM(line_time) AS tp_sum FROM `d_online_record` WHERE `d_id` = 749 AND `sdate` > 1572105600 LIMIT 1   [ RunTime:0.0003s ]

[ 2019-10-27T16:00:21+08:00 ] 47.98.104.223 /
INFO: [ app_init ] --START--
INFO: Run Behavior\BuildLiteBehavior [ RunTime:0.000014s ]
INFO: [ app_init ] --END-- [ RunTime:0.000118s ]
INFO: [ app_begin ] --START--
INFO: Run Behavior\ReadHtmlCacheBehavior [ RunTime:0.000049s ]
INFO: [ app_begin ] --END-- [ RunTime:0.000088s ]
SQL: SHOW COLUMNS FROM `s_user` [ RunTime:0.0006s ]
NOTIC: [8] Undefined variable: unionid /www/Application/Home/Controller/IndexController.class.php 第 66 行.
SQL: SELECT `id`,`phone`,`openid` FROM `s_user` WHERE `unionid` = null LIMIT 1   [ RunTime:0.0002s ]
NOTIC: [8] Undefined variable: openid /www/Application/Home/Controller/IndexController.class.php 第 68 行.
NOTIC: [8] Undefined variable: unionid /www/Application/Home/Controller/IndexController.class.php 第 68 行.

[ 2019-10-27T16:00:21+08:00 ] 47.98.104.223 /User/user_login/openid//unionid/
INFO: [ app_init ] --START--
INFO: Run Behavior\BuildLiteBehavior [ RunTime:0.000013s ]
INFO: [ app_init ] --END-- [ RunTime:0.000083s ]
INFO: [ app_begin ] --START--
INFO: Run Behavior\ReadHtmlCacheBehavior [ RunTime:0.000046s ]
INFO: [ app_begin ] --END-- [ RunTime:0.000087s ]

[ 2019-10-27T17:41:07+08:00 ] 120.78.85.252 /?s=xxxxx
INFO: [ app_init ] --START--
INFO: Run Behavior\BuildLiteBehavior [ RunTime:0.000012s ]
INFO: [ app_init ] --END-- [ RunTime:0.000103s ]
INFO: [ app_begin ] --START--
INFO: Run Behavior\ReadHtmlCacheBehavior [ RunTime:0.000052s ]
INFO: [ app_begin ] --END-- [ RunTime:0.000094s ]
ERR: 无法加载控制器:Xxxxx

[ 2019-10-27T22:49:34+08:00 ] 111.162.48.235 /Appdata/login
INFO: [ app_init ] --START--
INFO: Run Behavior\BuildLiteBehavior [ RunTime:0.000013s ]
INFO: [ app_init ] --END-- [ RunTime:0.000458s ]
INFO: [ app_begin ] --START--
INFO: Run Behavior\ReadHtmlCacheBehavior [ RunTime:0.000601s ]
INFO: [ app_begin ] --END-- [ RunTime:0.000647s ]
SQL:     select s_driver.id,s_driver.card,s_driver.name,s_driver.all_amount,s_driver.lits,s_driver.state,s_driver.maturity_date,if(s_driver.auto_fee='Y',1,0) auto_fee,s_car.car_type,s_car.carnum,s_driver.reviewed,s_driver.available,if(datediff(d_seal.unblock,NOW())>0,datediff(d_seal.unblock,NOW()),0) unblockday,s_driver.operation,
        ifnull((select FORMAT(AVG(point),1) from d_point where d_id=s_driver.id),5) point 
        from s_driver 
        left join s_car on s_car.d_id = s_driver.id 
        left join d_seal on s_driver.id = d_seal.d_id 
         WHERE s_driver.phone = '17072040970'  [ RunTime:0.0023s ]
SQL: SHOW COLUMNS FROM `s_driver` [ RunTime:0.0007s ]
SQL: UPDATE `s_driver` SET `registered_id`='34b0b82504d84e7f9d9de625079361c2' WHERE `id` = 749 [ RunTime:0.0029s ]
INFO: [ app_end ] --START--
INFO: Run Behavior\ShowPageTraceBehavior [ RunTime:0.000611s ]
INFO: [ app_end ] --END-- [ RunTime:0.000666s ]

[ 2019-10-27T22:49:34+08:00 ] 111.162.48.235 /Appdata/order_verification
INFO: [ app_init ] --START--
INFO: Run Behavior\BuildLiteBehavior [ RunTime:0.000014s ]
INFO: [ app_init ] --END-- [ RunTime:0.000125s ]
INFO: [ app_begin ] --START--
INFO: Run Behavior\ReadHtmlCacheBehavior [ RunTime:0.000054s ]
INFO: [ app_begin ] --END-- [ RunTime:0.000091s ]
SQL:     select b_order.id o_id,b_order.u_id,b_order.d_id,b_order.s_lat,b_order.s_lng,b_order.saddress,
            b_order.e_lat,b_order.e_lng,b_order.eaddress,b_order.state,s_user.phone,b_order.sdate,b_order.operation,s_user.headimgurl,
            b_order.mileage_fee,b_order.duration_fee,b_order.amount,b_order.distance,b_order.duration 
        from b_order 
        left join s_user on s_user.id = b_order.u_id 
         WHERE b_order.d_id = '749' AND b_order.d_confirmation = 'N' AND b_order.state IN ('new','on','arrived','active','wait_pay')  [ RunTime:0.0006s ]

[ 2019-10-27T22:49:34+08:00 ] 111.162.48.235 /Appdata/gethomeinfo
INFO: [ app_init ] --START--
INFO: Run Behavior\BuildLiteBehavior [ RunTime:0.000015s ]
INFO: [ app_init ] --END-- [ RunTime:0.000134s ]
INFO: [ app_begin ] --START--
INFO: Run Behavior\ReadHtmlCacheBehavior [ RunTime:0.000056s ]
INFO: [ app_begin ] --END-- [ RunTime:0.000107s ]
INFO: [ app_end ] --START--
INFO: Run Behavior\ShowPageTraceBehavior [ RunTime:0.000066s ]
INFO: [ app_end ] --END-- [ RunTime:0.000120s ]

[ 2019-10-27T22:49:34+08:00 ] 111.162.48.235 /Appdata/homePage
INFO: [ app_init ] --START--
INFO: Run Behavior\BuildLiteBehavior [ RunTime:0.000019s ]
INFO: [ app_init ] --END-- [ RunTime:0.000159s ]
INFO: [ app_begin ] --START--
INFO: Run Behavior\ReadHtmlCacheBehavior [ RunTime:0.000067s ]
INFO: [ app_begin ] --END-- [ RunTime:0.000137s ]
NOTIC: [2] unlink(./Application/Runtime/Temp/85d225028143ad369dd20f1597565241.php): No such file or directory /www/ThinkPHP/Library/Think/Cache/Driver/File.class.php 第 157 行.
SQL: SHOW COLUMNS FROM `s_driver` [ RunTime:0.0008s ]
SQL: UPDATE `s_driver` SET `state`='off' WHERE `id` = 749 [ RunTime:0.0027s ]
NOTIC: [2] unlink(./Application/Runtime/Temp/f76e3a8a2edddc7f9ba7ac55cba07d1c.php): No such file or directory /www/ThinkPHP/Library/Think/Cache/Driver/File.class.php 第 157 行.
SQL: SELECT `address_id` FROM `s_driver` WHERE ( id = 749 ) LIMIT 1   [ RunTime:0.0001s ]
SQL: SHOW COLUMNS FROM `d_online_record` [ RunTime:0.0003s ]
SQL: SELECT * FROM `d_online_record` WHERE `d_id` = 749 AND `edate` = 0 LIMIT 1   [ RunTime:0.0004s ]
NOTIC: [2] unlink(./Application/Runtime/Temp/173fa121da3b5226578fdcb7b0ce8a2b.php): No such file or directory /www/ThinkPHP/Library/Think/Cache/Driver/File.class.php 第 157 行.
SQL:     select count(s_driver.id) count_today_order,ifnull(SUM(b_order.amount),0) sum_amount,s_driver.lits,s_driver.maturity_date,ifnull((select FORMAT(AVG(point),1) from d_point where d_id=749),5) point,s_driver.operation,
                ifnull((select COUNT(s_complaint.id) from s_complaint where d_id=749),0) complaint 
        from  s_driver 
        left join b_order on s_driver.id = b_order.d_id 
         WHERE s_driver.id = '749' AND b_order.state = 'end' AND b_order.sdate > '2019-10-27 00:00:00'  [ RunTime:0.0010s ]
SQL: SHOW COLUMNS FROM `b_order` [ RunTime:0.0006s ]
SQL: SELECT COUNT(*) AS tp_count FROM `b_order` WHERE `d_id` = 749 LIMIT 1   [ RunTime:0.0002s ]
SQL: SELECT SUM(line_time) AS tp_sum FROM `d_online_record` WHERE `d_id` = 749 AND `sdate` > 1572105600 LIMIT 1   [ RunTime:0.0004s ]

[ 2019-10-27T22:49:40+08:00 ] 111.162.48.235 /Appdata/order_verification
INFO: [ app_init ] --START--
INFO: Run Behavior\BuildLiteBehavior [ RunTime:0.000014s ]
INFO: [ app_init ] --END-- [ RunTime:0.000149s ]
INFO: [ app_begin ] --START--
INFO: Run Behavior\ReadHtmlCacheBehavior [ RunTime:0.000052s ]
INFO: [ app_begin ] --END-- [ RunTime:0.000098s ]
SQL:     select b_order.id o_id,b_order.u_id,b_order.d_id,b_order.s_lat,b_order.s_lng,b_order.saddress,
            b_order.e_lat,b_order.e_lng,b_order.eaddress,b_order.state,s_user.phone,b_order.sdate,b_order.operation,s_user.headimgurl,
            b_order.mileage_fee,b_order.duration_fee,b_order.amount,b_order.distance,b_order.duration 
        from b_order 
        left join s_user on s_user.id = b_order.u_id 
         WHERE b_order.d_id = '749' AND b_order.d_confirmation = 'N' AND b_order.state IN ('new','on','arrived','active','wait_pay')  [ RunTime:0.0007s ]

[ 2019-10-27T22:49:40+08:00 ] 111.162.48.235 /Appdata/gethomeinfo
INFO: [ app_init ] --START--
INFO: Run Behavior\BuildLiteBehavior [ RunTime:0.000015s ]
INFO: [ app_init ] --END-- [ RunTime:0.000125s ]
INFO: [ app_begin ] --START--
INFO: Run Behavior\ReadHtmlCacheBehavior [ RunTime:0.000054s ]
INFO: [ app_begin ] --END-- [ RunTime:0.000094s ]
INFO: [ app_end ] --START--
INFO: Run Behavior\ShowPageTraceBehavior [ RunTime:0.000086s ]
INFO: [ app_end ] --END-- [ RunTime:0.000141s ]

[ 2019-10-27T22:49:40+08:00 ] 111.162.48.235 /Appdata/homePage
INFO: [ app_init ] --START--
INFO: Run Behavior\BuildLiteBehavior [ RunTime:0.000013s ]
INFO: [ app_init ] --END-- [ RunTime:0.000106s ]
INFO: [ app_begin ] --START--
INFO: Run Behavior\ReadHtmlCacheBehavior [ RunTime:0.000047s ]
INFO: [ app_begin ] --END-- [ RunTime:0.000085s ]
NOTIC: [2] unlink(./Application/Runtime/Temp/85d225028143ad369dd20f1597565241.php): No such file or directory /www/ThinkPHP/Library/Think/Cache/Driver/File.class.php 第 157 行.
SQL: SHOW COLUMNS FROM `s_driver` [ RunTime:0.0007s ]
SQL: UPDATE `s_driver` SET `state`='off' WHERE `id` = 749 [ RunTime:0.0033s ]
NOTIC: [2] unlink(./Application/Runtime/Temp/f76e3a8a2edddc7f9ba7ac55cba07d1c.php): No such file or directory /www/ThinkPHP/Library/Think/Cache/Driver/File.class.php 第 157 行.
SQL: SELECT `address_id` FROM `s_driver` WHERE ( id = 749 ) LIMIT 1   [ RunTime:0.0002s ]
SQL: SHOW COLUMNS FROM `d_online_record` [ RunTime:0.0003s ]
SQL: SELECT * FROM `d_online_record` WHERE `d_id` = 749 AND `edate` = 0 LIMIT 1   [ RunTime:0.0004s ]
NOTIC: [2] unlink(./Application/Runtime/Temp/173fa121da3b5226578fdcb7b0ce8a2b.php): No such file or directory /www/ThinkPHP/Library/Think/Cache/Driver/File.class.php 第 157 行.
SQL:     select count(s_driver.id) count_today_order,ifnull(SUM(b_order.amount),0) sum_amount,s_driver.lits,s_driver.maturity_date,ifnull((select FORMAT(AVG(point),1) from d_point where d_id=749),5) point,s_driver.operation,
                ifnull((select COUNT(s_complaint.id) from s_complaint where d_id=749),0) complaint 
        from  s_driver 
        left join b_order on s_driver.id = b_order.d_id 
         WHERE s_driver.id = '749' AND b_order.state = 'end' AND b_order.sdate > '2019-10-27 00:00:00'  [ RunTime:0.0011s ]
SQL: SHOW COLUMNS FROM `b_order` [ RunTime:0.0005s ]
SQL: SELECT COUNT(*) AS tp_count FROM `b_order` WHERE `d_id` = 749 LIMIT 1   [ RunTime:0.0003s ]
SQL: SELECT SUM(line_time) AS tp_sum FROM `d_online_record` WHERE `d_id` = 749 AND `sdate` > 1572105600 LIMIT 1   [ RunTime:0.0003s ]

[ 2019-10-27T22:50:01+08:00 ] 111.162.48.235 /favicon.ico
INFO: [ app_init ] --START--
INFO: Run Behavior\BuildLiteBehavior [ RunTime:0.000027s ]
INFO: [ app_init ] --END-- [ RunTime:0.000197s ]

[ 2019-10-27T22:50:10+08:00 ] 111.162.48.235 /Index/index?code=071V0FV724wu9L0kucZ72KP1W72V0FVp&state=gh_008a50db02b8
INFO: [ app_init ] --START--
INFO: Run Behavior\BuildLiteBehavior [ RunTime:0.000014s ]
INFO: [ app_init ] --END-- [ RunTime:0.000150s ]
INFO: [ app_begin ] --START--
INFO: Run Behavior\ReadHtmlCacheBehavior [ RunTime:0.000059s ]
INFO: [ app_begin ] --END-- [ RunTime:0.000098s ]
NOTIC: [8] Use of undefined constant CURL_SSLVERSION_SSL - assumed 'CURL_SSLVERSION_SSL' /www/Application/Common/Common/function.php 第 31 行.
NOTIC: [2] curl_setopt() expects parameter 2 to be integer, string given /www/Application/Common/Common/function.php 第 31 行.
SQL: SHOW COLUMNS FROM `s_user` [ RunTime:0.0006s ]
SQL: SELECT `id`,`phone`,`openid` FROM `s_user` WHERE `unionid` = 'o4_yz0vzZfrHJuUnQa73-SCjsMg4' LIMIT 1   [ RunTime:0.0002s ]
SQL: SHOW COLUMNS FROM `s_coupon` [ RunTime:0.0004s ]
SQL: SELECT `u_id`,`amount` FROM `s_coupon` WHERE `u_id` = 46268 AND `user` = 'N' AND `sdate` < '2019-10-27 22:50:09' AND `edate` > '2019-10-27 22:50:09' LIMIT 1   [ RunTime:0.0146s ]
NOTIC: [8] Use of undefined constant CURL_SSLVERSION_SSL - assumed 'CURL_SSLVERSION_SSL' /www/Application/Common/Common/function.php 第 31 行.
NOTIC: [2] curl_setopt() expects parameter 2 to be integer, string given /www/Application/Common/Common/function.php 第 31 行.
NOTIC: [8] Use of undefined constant CURL_SSLVERSION_SSL - assumed 'CURL_SSLVERSION_SSL' /www/Application/Common/Common/function.php 第 31 行.
NOTIC: [2] curl_setopt() expects parameter 2 to be integer, string given /www/Application/Common/Common/function.php 第 31 行.
INFO: [ view_parse ] --START--
INFO: [ template_filter ] --START--
INFO: Run Behavior\ContentReplaceBehavior [ RunTime:0.000150s ]
INFO: [ template_filter ] --END-- [ RunTime:0.000205s ]
INFO: Run Behavior\ParseTemplateBehavior [ RunTime:0.010297s ]
INFO: [ view_parse ] --END-- [ RunTime:0.010356s ]
INFO: [ view_filter ] --START--
INFO: Run Behavior\WriteHtmlCacheBehavior [ RunTime:0.000199s ]
INFO: [ view_filter ] --END-- [ RunTime:0.000237s ]
INFO: [ app_end ] --START--
INFO: Run Behavior\ShowPageTraceBehavior [ RunTime:0.000063s ]
INFO: [ app_end ] --END-- [ RunTime:0.000099s ]

[ 2019-10-27T22:50:11+08:00 ] 111.162.48.235 /favicon.ico
INFO: [ app_init ] --START--
INFO: Run Behavior\BuildLiteBehavior [ RunTime:0.000011s ]
INFO: [ app_init ] --END-- [ RunTime:0.000071s ]

[ 2019-10-27T22:50:11+08:00 ] 111.162.48.235 /Appdata/order_verification
INFO: [ app_init ] --START--
INFO: Run Behavior\BuildLiteBehavior [ RunTime:0.000014s ]
INFO: [ app_init ] --END-- [ RunTime:0.000127s ]
INFO: [ app_begin ] --START--
INFO: Run Behavior\ReadHtmlCacheBehavior [ RunTime:0.000058s ]
INFO: [ app_begin ] --END-- [ RunTime:0.000097s ]
SQL:     select b_order.id o_id,b_order.u_id,b_order.d_id,b_order.s_lat,b_order.s_lng,b_order.saddress,
            b_order.e_lat,b_order.e_lng,b_order.eaddress,b_order.state,s_user.phone,b_order.sdate,b_order.operation,s_user.headimgurl,
            b_order.mileage_fee,b_order.duration_fee,b_order.amount,b_order.distance,b_order.duration 
        from b_order 
        left join s_user on s_user.id = b_order.u_id 
         WHERE b_order.d_id = '749' AND b_order.d_confirmation = 'N' AND b_order.state IN ('new','on','arrived','active','wait_pay')  [ RunTime:0.0007s ]

[ 2019-10-27T22:50:11+08:00 ] 111.162.48.235 /Appdata/gethomeinfo
INFO: [ app_init ] --START--
INFO: Run Behavior\BuildLiteBehavior [ RunTime:0.000016s ]
INFO: [ app_init ] --END-- [ RunTime:0.000135s ]
INFO: [ app_begin ] --START--
INFO: Run Behavior\ReadHtmlCacheBehavior [ RunTime:0.000057s ]
INFO: [ app_begin ] --END-- [ RunTime:0.000122s ]
INFO: [ app_end ] --START--
INFO: Run Behavior\ShowPageTraceBehavior [ RunTime:0.000074s ]
INFO: [ app_end ] --END-- [ RunTime:0.000133s ]

[ 2019-10-27T22:50:11+08:00 ] 111.162.48.235 /Appdata/homePage
INFO: [ app_init ] --START--
INFO: Run Behavior\BuildLiteBehavior [ RunTime:0.000019s ]
INFO: [ app_init ] --END-- [ RunTime:0.000157s ]
INFO: [ app_begin ] --START--
INFO: Run Behavior\ReadHtmlCacheBehavior [ RunTime:0.000064s ]
INFO: [ app_begin ] --END-- [ RunTime:0.000121s ]
NOTIC: [2] unlink(./Application/Runtime/Temp/85d225028143ad369dd20f1597565241.php): No such file or directory /www/ThinkPHP/Library/Think/Cache/Driver/File.class.php 第 157 行.
SQL: SHOW COLUMNS FROM `s_driver` [ RunTime:0.0009s ]
SQL: UPDATE `s_driver` SET `state`='off' WHERE `id` = 749 [ RunTime:0.0024s ]
NOTIC: [2] unlink(./Application/Runtime/Temp/f76e3a8a2edddc7f9ba7ac55cba07d1c.php): No such file or directory /www/ThinkPHP/Library/Think/Cache/Driver/File.class.php 第 157 行.
SQL: SELECT `address_id` FROM `s_driver` WHERE ( id = 749 ) LIMIT 1   [ RunTime:0.0002s ]
SQL: SHOW COLUMNS FROM `d_online_record` [ RunTime:0.0003s ]
SQL: SELECT * FROM `d_online_record` WHERE `d_id` = 749 AND `edate` = 0 LIMIT 1   [ RunTime:0.0004s ]
NOTIC: [2] unlink(./Application/Runtime/Temp/173fa121da3b5226578fdcb7b0ce8a2b.php): No such file or directory /www/ThinkPHP/Library/Think/Cache/Driver/File.class.php 第 157 行.
SQL:     select count(s_driver.id) count_today_order,ifnull(SUM(b_order.amount),0) sum_amount,s_driver.lits,s_driver.maturity_date,ifnull((select FORMAT(AVG(point),1) from d_point where d_id=749),5) point,s_driver.operation,
                ifnull((select COUNT(s_complaint.id) from s_complaint where d_id=749),0) complaint 
        from  s_driver 
        left join b_order on s_driver.id = b_order.d_id 
         WHERE s_driver.id = '749' AND b_order.state = 'end' AND b_order.sdate > '2019-10-27 00:00:00'  [ RunTime:0.0011s ]
SQL: SHOW COLUMNS FROM `b_order` [ RunTime:0.0005s ]
SQL: SELECT COUNT(*) AS tp_count FROM `b_order` WHERE `d_id` = 749 LIMIT 1   [ RunTime:0.0002s ]
SQL: SELECT SUM(line_time) AS tp_sum FROM `d_online_record` WHERE `d_id` = 749 AND `sdate` > 1572105600 LIMIT 1   [ RunTime:0.0003s ]

[ 2019-10-27T22:50:12+08:00 ] 111.162.48.235 /Appseek/gps_fuse
INFO: [ app_init ] --START--
INFO: Run Behavior\BuildLiteBehavior [ RunTime:0.000015s ]
INFO: [ app_init ] --END-- [ RunTime:0.000151s ]
INFO: [ app_begin ] --START--
INFO: Run Behavior\ReadHtmlCacheBehavior [ RunTime:0.000075s ]
INFO: [ app_begin ] --END-- [ RunTime:0.000115s ]
SQL: SHOW COLUMNS FROM `d_gps_fuse` [ RunTime:0.0005s ]
SQL: INSERT INTO `d_gps_fuse` (`d_id`,`date`,`gps`) VALUES ('749','2019-10-27 22:50:12','N') [ RunTime:0.0028s ]
NOTIC: [8] Undefined variable: msg /www/Application/Home/Controller/AppseekController.class.php 第 216 行.

[ 2019-10-27T22:50:17+08:00 ] 111.162.48.235 /Appdata/getdistancelimit
INFO: [ app_init ] --START--
INFO: Run Behavior\BuildLiteBehavior [ RunTime:0.000015s ]
INFO: [ app_init ] --END-- [ RunTime:0.000186s ]
INFO: [ app_begin ] --START--
INFO: Run Behavior\ReadHtmlCacheBehavior [ RunTime:0.000058s ]
INFO: [ app_begin ] --END-- [ RunTime:0.000096s ]

[ 2019-10-27T22:50:23+08:00 ] 111.162.48.235 /User/addressid_check
INFO: [ app_init ] --START--
INFO: Run Behavior\BuildLiteBehavior [ RunTime:0.000011s ]
INFO: [ app_init ] --END-- [ RunTime:0.000079s ]
INFO: [ app_begin ] --START--
INFO: Run Behavior\ReadHtmlCacheBehavior [ RunTime:0.000054s ]
INFO: [ app_begin ] --END-- [ RunTime:0.000090s ]

[ 2019-10-27T22:50:23+08:00 ] 111.162.48.235 /index.php/Index/wait
INFO: [ app_init ] --START--
INFO: Run Behavior\BuildLiteBehavior [ RunTime:0.000012s ]
INFO: [ app_init ] --END-- [ RunTime:0.000084s ]
INFO: [ app_begin ] --START--
INFO: Run Behavior\ReadHtmlCacheBehavior [ RunTime:0.000041s ]
INFO: [ app_begin ] --END-- [ RunTime:0.000076s ]
INFO: [ view_parse ] --START--
INFO: [ template_filter ] --START--
INFO: Run Behavior\ContentReplaceBehavior [ RunTime:0.000083s ]
INFO: [ template_filter ] --END-- [ RunTime:0.000147s ]
NOTIC: [8] Undefined index: timestap /www/Application/Runtime/Cache/Home/175e9416d015e93b0ebad8a95081ad86.php 第 47 行.
INFO: Run Behavior\ParseTemplateBehavior [ RunTime:0.002639s ]
INFO: [ view_parse ] --END-- [ RunTime:0.002683s ]
INFO: [ view_filter ] --START--
INFO: Run Behavior\WriteHtmlCacheBehavior [ RunTime:0.000059s ]
INFO: [ view_filter ] --END-- [ RunTime:0.000089s ]
INFO: [ app_end ] --START--
INFO: Run Behavior\ShowPageTraceBehavior [ RunTime:0.000043s ]
INFO: [ app_end ] --END-- [ RunTime:0.000077s ]

[ 2019-10-27T22:50:31+08:00 ] 111.162.48.235 /Orderauto/order_on/o_id/26747/start_time/3
INFO: [ app_init ] --START--
INFO: Run Behavior\BuildLiteBehavior [ RunTime:0.000012s ]
INFO: [ app_init ] --END-- [ RunTime:0.000083s ]
INFO: [ app_begin ] --START--
INFO: Run Behavior\ReadHtmlCacheBehavior [ RunTime:0.000049s ]
INFO: [ app_begin ] --END-- [ RunTime:0.000090s ]
SQL:     select b_order.id o_id,b_order.u_id,b_order.d_id,b_order.s_lat,b_order.s_lng,b_order.saddress,
            b_order.e_lat,b_order.e_lng,b_order.eaddress,s_user.phone u_phone,b_order.sdate,b_order.operation,s_user.headimgurl,b_order.address_id,
            b_order.mileage_fee,b_order.duration_fee,b_order.amount,b_order.distance,b_order.duration,
            s_car.car_type,s_car.carcolor,s_car.carnum,if(s_avatar_verify.verify="Y",s_avatar_verify.file,'') avatar,s_driver.card,s_driver.name,s_driver.nickname,s_driver.phone d_phone,s_driver.lits,
                ifnull((select FORMAT(AVG(point),1) from d_point where d_id=b_order.d_id),5) point,
                ifnull((select COUNT(s_complaint.id) from s_complaint where d_id=b_order.d_id),0) complaint,
                (CASE b_order.state 
    WHEN 'on' THEN '尚未接驾' 
    WHEN 'active' THEN '行程中' 
    WHEN 'wait_pay' THEN '待支付' 
    WHEN 'end' THEN '订单结束' 
    WHEN 'cannal' THEN '订单被取消' 
    END)  state_cn,b_order.state 
        from b_order 
        left join s_user on s_user.id = b_order.u_id 
        left join s_driver on s_driver.id = b_order.d_id 
        left join s_car on b_order.d_id = s_car.d_id 
        left join s_avatar_verify on s_avatar_verify.d_id = b_order.d_id 
         WHERE b_order.id = '26747'  [ RunTime:0.0023s ]
SQL: SHOW COLUMNS FROM `m_user_wait_reward_set` [ RunTime:0.0004s ]
SQL: SELECT * FROM `m_user_wait_reward_set` WHERE `address_id` = 3 LIMIT 1   [ RunTime:0.0002s ]
INFO: [ view_parse ] --START--
INFO: [ template_filter ] --START--
INFO: Run Behavior\ContentReplaceBehavior [ RunTime:0.000106s ]
INFO: [ template_filter ] --END-- [ RunTime:0.000151s ]
INFO: Run Behavior\ParseTemplateBehavior [ RunTime:0.004186s ]
INFO: [ view_parse ] --END-- [ RunTime:0.004230s ]
INFO: [ view_filter ] --START--
INFO: Run Behavior\WriteHtmlCacheBehavior [ RunTime:0.000061s ]
INFO: [ view_filter ] --END-- [ RunTime:0.000092s ]
INFO: [ app_end ] --START--
INFO: Run Behavior\ShowPageTraceBehavior [ RunTime:0.000058s ]
INFO: [ app_end ] --END-- [ RunTime:0.000095s ]

[ 2019-10-27T22:50:32+08:00 ] 111.162.48.235 /index.php/Orderauto/drive_dynamic
INFO: [ app_init ] --START--
INFO: Run Behavior\BuildLiteBehavior [ RunTime:0.000012s ]
INFO: [ app_init ] --END-- [ RunTime:0.000084s ]
INFO: [ app_begin ] --START--
INFO: Run Behavior\ReadHtmlCacheBehavior [ RunTime:0.000061s ]
INFO: [ app_begin ] --END-- [ RunTime:0.000095s ]
SQL: SHOW COLUMNS FROM `m_user_wait_reward_set` [ RunTime:0.0006s ]
SQL: SELECT * FROM `m_user_wait_reward_set` WHERE `address_id` = 3 LIMIT 1   [ RunTime:0.0002s ]

[ 2019-10-27T22:50:36+08:00 ] 111.162.48.235 /index.php/Orderauto/canecl_order?o_id=26747
INFO: [ app_init ] --START--
INFO: Run Behavior\BuildLiteBehavior [ RunTime:0.000014s ]
INFO: [ app_init ] --END-- [ RunTime:0.000105s ]
INFO: [ app_begin ] --START--
INFO: Run Behavior\ReadHtmlCacheBehavior [ RunTime:0.000046s ]
INFO: [ app_begin ] --END-- [ RunTime:0.000080s ]
SQL: SHOW COLUMNS FROM `b_cancel_order_reason` [ RunTime:0.0007s ]
SQL: SELECT * FROM `b_cancel_order_reason`  [ RunTime:0.0002s ]
INFO: [ view_parse ] --START--
INFO: [ template_filter ] --START--
INFO: Run Behavior\ContentReplaceBehavior [ RunTime:0.000060s ]
INFO: [ template_filter ] --END-- [ RunTime:0.000103s ]
INFO: Run Behavior\ParseTemplateBehavior [ RunTime:0.002531s ]
INFO: [ view_parse ] --END-- [ RunTime:0.002578s ]
INFO: [ view_filter ] --START--
INFO: Run Behavior\WriteHtmlCacheBehavior [ RunTime:0.000060s ]
INFO: [ view_filter ] --END-- [ RunTime:0.000093s ]
INFO: [ app_end ] --START--
INFO: Run Behavior\ShowPageTraceBehavior [ RunTime:0.000065s ]
INFO: [ app_end ] --END-- [ RunTime:0.000103s ]

[ 2019-10-27T14:50:39+00:00 ] 111.162.48.235 /index.php/Orderauto/canecl_order_chk
INFO: [ app_init ] --START--
INFO: Run Behavior\BuildLiteBehavior [ RunTime:0.000012s ]
INFO: [ app_init ] --END-- [ RunTime:0.000115s ]
INFO: [ app_begin ] --START--
INFO: Run Behavior\ReadHtmlCacheBehavior [ RunTime:0.000051s ]
INFO: [ app_begin ] --END-- [ RunTime:0.000084s ]
SQL:         select b_order.id o_id,b_order.u_id,b_order.d_id 
            from b_order 
             WHERE b_order.id = '26747' AND b_order.state IN ('new','on','arrived') [ RunTime:0.0003s ]
SQL: SHOW COLUMNS FROM `b_order` [ RunTime:0.0007s ]
SQL: UPDATE `b_order` SET `state`='cannal',`cancel_id`='9',`d_confirmation`='Y' WHERE `id` = 26747 [ RunTime:0.0031s ]
SQL: SHOW COLUMNS FROM `s_driver` [ RunTime:0.0006s ]
SQL: UPDATE `s_driver` SET `state`='off' WHERE `id` = 749 [ RunTime:0.0021s ]
SQL: SELECT `registered_id` FROM `s_driver` WHERE `id` = 749 LIMIT 1   [ RunTime:0.0001s ]
NOTIC: [8] Use of undefined constant CURL_SSLVERSION_SSL - assumed 'CURL_SSLVERSION_SSL' /www/Application/Common/Common/function.php 第 31 行.
NOTIC: [2] curl_setopt() expects parameter 2 to be integer, string given /www/Application/Common/Common/function.php 第 31 行.
NOTIC: [2] unlink(./Application/Runtime/Temp/173fa121da3b5226578fdcb7b0ce8a2b.php): No such file or directory /www/ThinkPHP/Library/Think/Cache/Driver/File.class.php 第 157 行.
SQL: SHOW COLUMNS FROM `s_user` [ RunTime:0.0006s ]
SQL: UPDATE `s_user` SET `state`='N' WHERE `id` = 46268 [ RunTime:0.0062s ]
NOTIC: [8] Use of undefined constant CURL_SSLVERSION_SSL - assumed 'CURL_SSLVERSION_SSL' /www/Application/Common/Common/function.php 第 44 行.
NOTIC: [2] curl_setopt() expects parameter 2 to be integer, string given /www/Application/Common/Common/function.php 第 44 行.

[ 2019-10-27T22:50:40+08:00 ] 111.162.48.235 /index.php/Orderauto/cencel_success
INFO: [ app_init ] --START--
INFO: Run Behavior\BuildLiteBehavior [ RunTime:0.000014s ]
INFO: [ app_init ] --END-- [ RunTime:0.000136s ]
INFO: [ app_begin ] --START--
INFO: Run Behavior\ReadHtmlCacheBehavior [ RunTime:0.000048s ]
INFO: [ app_begin ] --END-- [ RunTime:0.000085s ]
INFO: [ view_parse ] --START--
INFO: [ template_filter ] --START--
INFO: Run Behavior\ContentReplaceBehavior [ RunTime:0.000035s ]
INFO: [ template_filter ] --END-- [ RunTime:0.000075s ]
INFO: Run Behavior\ParseTemplateBehavior [ RunTime:0.001008s ]
INFO: [ view_parse ] --END-- [ RunTime:0.001060s ]
INFO: [ view_filter ] --START--
INFO: Run Behavior\WriteHtmlCacheBehavior [ RunTime:0.000067s ]
INFO: [ view_filter ] --END-- [ RunTime:0.000100s ]
INFO: [ app_end ] --START--
INFO: Run Behavior\ShowPageTraceBehavior [ RunTime:0.000046s ]
INFO: [ app_end ] --END-- [ RunTime:0.000079s ]

[ 2019-10-27T22:50:42+08:00 ] 111.162.48.235 /Appdata/order_verification
INFO: [ app_init ] --START--
INFO: Run Behavior\BuildLiteBehavior [ RunTime:0.000013s ]
INFO: [ app_init ] --END-- [ RunTime:0.000085s ]
INFO: [ app_begin ] --START--
INFO: Run Behavior\ReadHtmlCacheBehavior [ RunTime:0.000036s ]
INFO: [ app_begin ] --END-- [ RunTime:0.000068s ]
SQL:     select b_order.id o_id,b_order.u_id,b_order.d_id,b_order.s_lat,b_order.s_lng,b_order.saddress,
            b_order.e_lat,b_order.e_lng,b_order.eaddress,b_order.state,s_user.phone,b_order.sdate,b_order.operation,s_user.headimgurl,
            b_order.mileage_fee,b_order.duration_fee,b_order.amount,b_order.distance,b_order.duration 
        from b_order 
        left join s_user on s_user.id = b_order.u_id 
         WHERE b_order.d_id = '749' AND b_order.d_confirmation = 'N' AND b_order.state IN ('new','on','arrived','active','wait_pay')  [ RunTime:0.0006s ]

[ 2019-10-27T22:50:42+08:00 ] 111.162.48.235 /Appdata/gethomeinfo
INFO: [ app_init ] --START--
INFO: Run Behavior\BuildLiteBehavior [ RunTime:0.000016s ]
INFO: [ app_init ] --END-- [ RunTime:0.000112s ]
INFO: [ app_begin ] --START--
INFO: Run Behavior\ReadHtmlCacheBehavior [ RunTime:0.000060s ]
INFO: [ app_begin ] --END-- [ RunTime:0.000115s ]
INFO: [ app_end ] --START--
INFO: Run Behavior\ShowPageTraceBehavior [ RunTime:0.000067s ]
INFO: [ app_end ] --END-- [ RunTime:0.000121s ]

[ 2019-10-27T22:50:42+08:00 ] 111.162.48.235 /Appdata/homePage
INFO: [ app_init ] --START--
INFO: Run Behavior\BuildLiteBehavior [ RunTime:0.000016s ]
INFO: [ app_init ] --END-- [ RunTime:0.000112s ]
INFO: [ app_begin ] --START--
INFO: Run Behavior\ReadHtmlCacheBehavior [ RunTime:0.000058s ]
INFO: [ app_begin ] --END-- [ RunTime:0.000110s ]
SQL: SHOW COLUMNS FROM `s_driver` [ RunTime:0.0006s ]
SQL: UPDATE `s_driver` SET `state`='off' WHERE `id` = 749 [ RunTime:0.0033s ]
SQL: SELECT `address_id` FROM `s_driver` WHERE ( id = 749 ) LIMIT 1   [ RunTime:0.0002s ]
SQL: SHOW COLUMNS FROM `d_online_record` [ RunTime:0.0004s ]
SQL: SELECT * FROM `d_online_record` WHERE `d_id` = 749 AND `edate` = 0 LIMIT 1   [ RunTime:0.0004s ]
SQL: UPDATE `d_online_record` SET `edate`='1572187842',`line_time`='24' WHERE `id` = 135294 [ RunTime:0.0021s ]
NOTIC: [2] unlink(./Application/Runtime/Temp/173fa121da3b5226578fdcb7b0ce8a2b.php): No such file or directory /www/ThinkPHP/Library/Think/Cache/Driver/File.class.php 第 157 行.
SQL:     select count(s_driver.id) count_today_order,ifnull(SUM(b_order.amount),0) sum_amount,s_driver.lits,s_driver.maturity_date,ifnull((select FORMAT(AVG(point),1) from d_point where d_id=749),5) point,s_driver.operation,
                ifnull((select COUNT(s_complaint.id) from s_complaint where d_id=749),0) complaint 
        from  s_driver 
        left join b_order on s_driver.id = b_order.d_id 
         WHERE s_driver.id = '749' AND b_order.state = 'end' AND b_order.sdate > '2019-10-27 00:00:00'  [ RunTime:0.0010s ]
SQL: SHOW COLUMNS FROM `b_order` [ RunTime:0.0005s ]
SQL: SELECT COUNT(*) AS tp_count FROM `b_order` WHERE `d_id` = 749 LIMIT 1   [ RunTime:0.0002s ]
SQL: SELECT SUM(line_time) AS tp_sum FROM `d_online_record` WHERE `d_id` = 749 AND `sdate` > 1572105600 LIMIT 1   [ RunTime:0.0004s ]

