
/************************************************************************
时间：		2019-10-27 13:45:32
访问URI：		/cache?opt=listen_order_status
查询参数：		opt=listen_order_status
传入数据：		{"driverId":"749"}
传出：		司机:749成功订阅通道
*************************************************************************/

/************************************************************************
时间：		2019-10-27 13:46:01
访问URI：		/cache?opt=listen_order_status
查询参数：		opt=listen_order_status
传入数据：		{"driverId":"749"}
传出：		{"type":"passenger_order","driverId":"749","cont":{"appellation_origin":"\u5929\u6d25\u5e02\u5357\u5f00\u533a\u4eba\u6c11\u653f\u5e9c(\u7ea2\u65d7\u8def\u4e1c)","appellation_destination":"","distance":"2.4","time":"2019-10-27 13:45:59","key":"749:46268:e4ed9275c77f689c209b4fdc912965f5"},"message":"\u4e58\u5ba2\u4ee5\u4e0b\u5355\uff0c\u8bf7\u53ca\u65f6\u63a5\u5355","message_code":"0"}
*************************************************************************/

/************************************************************************
时间：		2019-10-27 13:46:14
访问URI：		/cache?opt=listen_order_status
查询参数：		opt=listen_order_status
传入数据：		{"driverId":"749"}
传出：		{"type":"passenger_cancel_existing_order","driverId":"749","ascription":"user","orderId":"26745","reasonId":"9","canceltext":"\u65f6\u95f4\u592a\u4e45\uff0c\u4e0d\u613f\u7b49\u5f85","time":"2019-10-27 05:46:12"}
*************************************************************************/

/************************************************************************
时间：		2019-10-27 13:47:21
访问URI：		/cache?opt=listen_order_status
查询参数：		opt=listen_order_status
传入数据：		{"driverId":"749"}
传出：		司机749号断开连接
*************************************************************************/

/************************************************************************
时间：		2019-10-27 15:07:31
访问URI：		/cache?opt=listen_order_status
查询参数：		opt=listen_order_status
传入数据：		{"driverId":"749"}
传出：		司机:749成功订阅通道
*************************************************************************/

/************************************************************************
时间：		2019-10-27 15:08:31
访问URI：		/cache?opt=listen_order_status
查询参数：		opt=listen_order_status
传入数据：		{"driverId":"749"}
传出：		司机749号断开连接
*************************************************************************/

/************************************************************************
时间：		2019-10-27 15:08:31
访问URI：		/cache?opt=listen_order_status
查询参数：		opt=listen_order_status
传入数据：		{"driverId":"749"}
传出：		司机:749成功订阅通道
*************************************************************************/

/************************************************************************
时间：		2019-10-27 15:08:41
访问URI：		/cache?opt=listen_order_status
查询参数：		opt=listen_order_status
传入数据：		{"driverId":"749"}
传出：		{"type":"passenger_order","driverId":"749","cont":{"appellation_origin":"\u5929\u6d25\u5e02\u5357\u5f00\u533a\u4eba\u6c11\u653f\u5e9c(\u7ea2\u65d7\u8def\u4e1c)","appellation_destination":"","distance":"2.4","time":"2019-10-27 15:08:39","key":"749:46268:d70fc4c141c4a7778fdd847c5efdd3cb"},"message":"\u4e58\u5ba2\u4ee5\u4e0b\u5355\uff0c\u8bf7\u53ca\u65f6\u63a5\u5355","message_code":"0"}
*************************************************************************/

/************************************************************************
时间：		2019-10-27 15:09:00
访问URI：		/cache?opt=listen_order_status
查询参数：		opt=listen_order_status
传入数据：		{"driverId":"749"}
传出：		{"type":"passenger_cancel_existing_order","driverId":"749","ascription":"user","orderId":"26746","reasonId":"9","canceltext":"\u65f6\u95f4\u592a\u4e45\uff0c\u4e0d\u613f\u7b49\u5f85","time":"2019-10-27 07:08:59"}
*************************************************************************/

/************************************************************************
时间：		2019-10-27 15:09:12
访问URI：		/cache?opt=listen_order_status
查询参数：		opt=listen_order_status
传入数据：		{"driverId":"749"}
传出：		司机749号断开连接
*************************************************************************/

/************************************************************************
时间：		2019-10-27 22:50:01
访问URI：		/cache?opt=listen_order_status
查询参数：		opt=listen_order_status
传入数据：		{"driverId":"749"}
传出：		司机:749成功订阅通道
*************************************************************************/

/************************************************************************
时间：		2019-10-27 22:50:25
访问URI：		/cache?opt=listen_order_status
查询参数：		opt=listen_order_status
传入数据：		{"driverId":"749"}
传出：		{"type":"passenger_order","driverId":"749","cont":{"appellation_origin":"\u6cb3\u4e1c\u533a\u653f\u5e9c(\u6cf0\u5174\u5357\u8def\u897f)","appellation_destination":"","distance":"1.6","time":"2019-10-27 22:50:23","key":"749:46268:38b749a3e81d77431080f9e550795252"},"message":"\u4e58\u5ba2\u4ee5\u4e0b\u5355\uff0c\u8bf7\u53ca\u65f6\u63a5\u5355","message_code":"0"}
*************************************************************************/

/************************************************************************
时间：		2019-10-27 22:50:39
访问URI：		/cache?opt=listen_order_status
查询参数：		opt=listen_order_status
传入数据：		{"driverId":"749"}
传出：		{"type":"passenger_cancel_existing_order","driverId":"749","ascription":"user","orderId":"26747","reasonId":"9","canceltext":"\u65f6\u95f4\u592a\u4e45\uff0c\u4e0d\u613f\u7b49\u5f85","time":"2019-10-27 14:50:38"}
*************************************************************************/

/************************************************************************
时间：		2019-10-27 22:51:23
访问URI：		/cache?opt=listen_order_status
查询参数：		opt=listen_order_status
传入数据：		{"driverId":"749"}
传出：		司机749号断开连接
*************************************************************************/
