
/************************************************************************
时间：		2019-10-26 12:31:20
访问URI：		/cache?opt=listen_order_status
查询参数：		opt=listen_order_status
传入数据：		{"driverId":"749"}
传出：		司机:749成功订阅通道
*************************************************************************/

/************************************************************************
时间：		2019-10-26 12:31:25
访问URI：		/cache?opt=listen_order_status
查询参数：		opt=listen_order_status
传入数据：		{"driverId":"749"}
传出：		司机749号断开连接
*************************************************************************/

/************************************************************************
时间：		2019-10-26 12:31:25
访问URI：		/cache?opt=listen_order_status
查询参数：		opt=listen_order_status
传入数据：		{"driverId":"749"}
传出：		司机:749成功订阅通道
*************************************************************************/

/************************************************************************
时间：		2019-10-26 12:31:34
访问URI：		/cache?opt=listen_order_status
查询参数：		opt=listen_order_status
传入数据：		{"driverId":"749"}
传出：		司机749号断开连接
*************************************************************************/

/************************************************************************
时间：		2019-10-26 12:31:34
访问URI：		/cache?opt=listen_order_status
查询参数：		opt=listen_order_status
传入数据：		{"driverId":"749"}
传出：		司机:749成功订阅通道
*************************************************************************/

/************************************************************************
时间：		2019-10-26 12:34:31
访问URI：		/cache?opt=listen_order_status
查询参数：		opt=listen_order_status
传入数据：		{"driverId":"749"}
传出：		司机749号断开连接
*************************************************************************/

/************************************************************************
时间：		2019-10-26 12:37:48
访问URI：		/cache?opt=listen_order_status
查询参数：		opt=listen_order_status
传入数据：		{"driverId":"749"}
传出：		司机:749成功订阅通道
*************************************************************************/

/************************************************************************
时间：		2019-10-26 12:39:37
访问URI：		/cache?opt=listen_order_status
查询参数：		opt=listen_order_status
传入数据：		{"driverId":"749"}
传出：		司机749号断开连接
*************************************************************************/

/************************************************************************
时间：		2019-10-26 12:39:37
访问URI：		/cache?opt=listen_order_status
查询参数：		opt=listen_order_status
传入数据：		{"driverId":"749"}
传出：		司机:749成功订阅通道
*************************************************************************/

/************************************************************************
时间：		2019-10-26 12:42:06
访问URI：		/cache?opt=listen_order_status
查询参数：		opt=listen_order_status
传入数据：		{"driverId":"749"}
传出：		司机749号断开连接
*************************************************************************/

/************************************************************************
时间：		2019-10-26 12:42:07
访问URI：		/cache?opt=listen_order_status
查询参数：		opt=listen_order_status
传入数据：		{"driverId":"749"}
传出：		司机:749成功订阅通道
*************************************************************************/

/************************************************************************
时间：		2019-10-26 12:42:40
访问URI：		/cache?opt=listen_order_status
查询参数：		opt=listen_order_status
传入数据：		{"driverId":"749"}
传出：		司机749号断开连接
*************************************************************************/

/************************************************************************
时间：		2019-10-26 12:42:40
访问URI：		/cache?opt=listen_order_status
查询参数：		opt=listen_order_status
传入数据：		{"driverId":"749"}
传出：		司机:749成功订阅通道
*************************************************************************/

/************************************************************************
时间：		2019-10-26 12:43:09
访问URI：		/cache?opt=listen_order_status
查询参数：		opt=listen_order_status
传入数据：		{"driverId":"749"}
传出：		32
*************************************************************************/

/************************************************************************
时间：		2019-10-26 12:44:05
访问URI：		/cache?opt=listen_order_status
查询参数：		opt=listen_order_status
传入数据：		{"driverId":"749"}
传出：		司机749号断开连接
*************************************************************************/

/************************************************************************
时间：		2019-10-26 12:44:05
访问URI：		/cache?opt=listen_order_status
查询参数：		opt=listen_order_status
传入数据：		{"driverId":"749"}
传出：		司机:749成功订阅通道
*************************************************************************/

/************************************************************************
时间：		2019-10-26 12:44:50
访问URI：		/cache?opt=listen_order_status
查询参数：		opt=listen_order_status
传入数据：		{"driverId":"749"}
传出：		{"type":"passenger_order","driverId":"749","cont":{"appellation_origin":"\u5929\u6d25\u5e02\u5357\u5f00\u533a\u4eba\u6c11\u653f\u5e9c(\u7ea2\u65d7\u8def\u4e1c)","appellation_destination":"","distance":"2.4","time":"2019-10-26 12:44:48","key":"749:46268:fe4eee1e82f5d2f6abd3cdb366542758"},"message":"\u4e58\u5ba2\u4ee5\u4e0b\u5355\uff0c\u8bf7\u53ca\u65f6\u63a5\u5355","message_code":"0"}
*************************************************************************/

/************************************************************************
时间：		2019-10-26 12:45:47
访问URI：		/cache?opt=listen_order_status
查询参数：		opt=listen_order_status
传入数据：		{"driverId":"749"}
传出：		司机749号断开连接
*************************************************************************/

/************************************************************************
时间：		2019-10-26 12:45:47
访问URI：		/cache?opt=listen_order_status
查询参数：		opt=listen_order_status
传入数据：		{"driverId":"749"}
传出：		司机:749成功订阅通道
*************************************************************************/

/************************************************************************
时间：		2019-10-26 12:46:07
访问URI：		/cache?opt=listen_order_status
查询参数：		opt=listen_order_status
传入数据：		{"driverId":"749"}
传出：		{"type":"passenger_order","driverId":"749","cont":{"appellation_origin":"\u5929\u6d25\u5e02\u5357\u5f00\u533a\u4eba\u6c11\u653f\u5e9c(\u7ea2\u65d7\u8def\u4e1c)","appellation_destination":"","distance":"2.4","time":"2019-10-26 12:46:05","key":"749:46268:93d18b6d06a4646ec46a84a8e4c0d753"},"message":"\u4e58\u5ba2\u4ee5\u4e0b\u5355\uff0c\u8bf7\u53ca\u65f6\u63a5\u5355","message_code":"0"}
*************************************************************************/

/************************************************************************
时间：		2019-10-26 12:46:26
访问URI：		/cache?opt=listen_order_status
查询参数：		opt=listen_order_status
传入数据：		{"driverId":"749"}
传出：		{"type":"passenger_cancel_existing_order","driverId":"749","ascription":"user","orderId":"26741","reasonId":"9","canceltext":"\u65f6\u95f4\u592a\u4e45\uff0c\u4e0d\u613f\u7b49\u5f85","time":"2019-10-26 04:46:25"}
*************************************************************************/

/************************************************************************
时间：		2019-10-26 12:46:52
访问URI：		/cache?opt=listen_order_status
查询参数：		opt=listen_order_status
传入数据：		{"driverId":"749"}
传出：		司机749号断开连接
*************************************************************************/

/************************************************************************
时间：		2019-10-26 12:48:44
访问URI：		/cache?opt=listen_order_status
查询参数：		opt=listen_order_status
传入数据：		{"driverId":"749"}
传出：		司机:749成功订阅通道
*************************************************************************/

/************************************************************************
时间：		2019-10-26 12:49:08
访问URI：		/cache?opt=listen_order_status
查询参数：		opt=listen_order_status
传入数据：		{"driverId":"749"}
传出：		{"type":"passenger_order","driverId":"749","cont":{"appellation_origin":"\u5929\u6d25\u5e02\u5357\u5f00\u533a\u4eba\u6c11\u653f\u5e9c(\u7ea2\u65d7\u8def\u4e1c)","appellation_destination":"","distance":"2.4","time":"2019-10-26 12:49:06","key":"749:46268:6e371086e5ea51d5b89398e8a06784ce"},"message":"\u4e58\u5ba2\u4ee5\u4e0b\u5355\uff0c\u8bf7\u53ca\u65f6\u63a5\u5355","message_code":"0"}
*************************************************************************/

/************************************************************************
时间：		2019-10-26 12:49:37
访问URI：		/cache?opt=listen_order_status
查询参数：		opt=listen_order_status
传入数据：		{"driverId":"749"}
传出：		{"type":"passenger_cancel_existing_order","driverId":"749","ascription":"user","orderId":"26742","reasonId":0,"canceltext":"\u65f6\u95f4\u592a\u4e45\uff0c\u4e0d\u613f\u7b49\u5f85","time":"2019-10-26 04:49:35"}
*************************************************************************/

/************************************************************************
时间：		2019-10-26 12:49:47
访问URI：		/cache?opt=listen_order_status
查询参数：		opt=listen_order_status
传入数据：		{"driverId":"749"}
传出：		司机749号断开连接
*************************************************************************/

/************************************************************************
时间：		2019-10-26 12:49:47
访问URI：		/cache?opt=listen_order_status
查询参数：		opt=listen_order_status
传入数据：		{"driverId":"749"}
传出：		司机:749成功订阅通道
*************************************************************************/

/************************************************************************
时间：		2019-10-26 12:50:01
访问URI：		/cache?opt=listen_order_status
查询参数：		opt=listen_order_status
传入数据：		{"driverId":"749"}
传出：		司机749号断开连接
*************************************************************************/

/************************************************************************
时间：		2019-10-26 12:50:01
访问URI：		/cache?opt=listen_order_status
查询参数：		opt=listen_order_status
传入数据：		{"driverId":"749"}
传出：		司机:749成功订阅通道
*************************************************************************/

/************************************************************************
时间：		2019-10-26 12:50:10
访问URI：		/cache?opt=listen_order_status
查询参数：		opt=listen_order_status
传入数据：		{"driverId":"749"}
传出：		司机749号断开连接
*************************************************************************/

/************************************************************************
时间：		2019-10-26 12:50:10
访问URI：		/cache?opt=listen_order_status
查询参数：		opt=listen_order_status
传入数据：		{"driverId":"749"}
传出：		司机:749成功订阅通道
*************************************************************************/

/************************************************************************
时间：		2019-10-26 12:50:16
访问URI：		/cache?opt=listen_order_status
查询参数：		opt=listen_order_status
传入数据：		{"driverId":"749"}
传出：		{"type":"passenger_order","driverId":"749","cont":{"appellation_origin":"\u5929\u6d25\u5e02\u5357\u5f00\u533a\u4eba\u6c11\u653f\u5e9c(\u7ea2\u65d7\u8def\u4e1c)","appellation_destination":"","distance":"2.4","time":"2019-10-26 12:50:15","key":"749:46268:17bc873a542826602bc7b9e25dfd7246"},"message":"\u4e58\u5ba2\u4ee5\u4e0b\u5355\uff0c\u8bf7\u53ca\u65f6\u63a5\u5355","message_code":"0"}
*************************************************************************/

/************************************************************************
时间：		2019-10-26 12:50:30
访问URI：		/cache?opt=listen_order_status
查询参数：		opt=listen_order_status
传入数据：		{"driverId":"749"}
传出：		{"type":"passenger_cancel_existing_order","driverId":"749","ascription":"user","orderId":"26743","reasonId":"9","canceltext":"\u65f6\u95f4\u592a\u4e45\uff0c\u4e0d\u613f\u7b49\u5f85","time":"2019-10-26 04:50:28"}
*************************************************************************/

/************************************************************************
时间：		2019-10-26 12:50:37
访问URI：		/cache?opt=listen_order_status
查询参数：		opt=listen_order_status
传入数据：		{"driverId":"749"}
传出：		司机749号断开连接
*************************************************************************/

/************************************************************************
时间：		2019-10-26 13:07:39
访问URI：		/cache?opt=listen_order_status
查询参数：		opt=listen_order_status
传入数据：		{"driverId":"749"}
传出：		司机:749成功订阅通道
*************************************************************************/

/************************************************************************
时间：		2019-10-26 13:07:46
访问URI：		/cache?opt=listen_order_status
查询参数：		opt=listen_order_status
传入数据：		{"driverId":"749"}
传出：		司机749号断开连接
*************************************************************************/

/************************************************************************
时间：		2019-10-26 13:07:46
访问URI：		/cache?opt=listen_order_status
查询参数：		opt=listen_order_status
传入数据：		{"driverId":"749"}
传出：		司机:749成功订阅通道
*************************************************************************/

/************************************************************************
时间：		2019-10-26 13:07:55
访问URI：		/cache?opt=listen_order_status
查询参数：		opt=listen_order_status
传入数据：		{"driverId":"749"}
传出：		司机749号断开连接
*************************************************************************/

/************************************************************************
时间：		2019-10-26 13:07:55
访问URI：		/cache?opt=listen_order_status
查询参数：		opt=listen_order_status
传入数据：		{"driverId":"749"}
传出：		司机:749成功订阅通道
*************************************************************************/

/************************************************************************
时间：		2019-10-26 13:09:13
访问URI：		/cache?opt=listen_order_status
查询参数：		opt=listen_order_status
传入数据：		{"driverId":"749"}
传出：		司机749号断开连接
*************************************************************************/

/************************************************************************
时间：		2019-10-26 13:09:13
访问URI：		/cache?opt=listen_order_status
查询参数：		opt=listen_order_status
传入数据：		{"driverId":"749"}
传出：		司机:749成功订阅通道
*************************************************************************/

/************************************************************************
时间：		2019-10-26 13:09:23
访问URI：		/cache?opt=listen_order_status
查询参数：		opt=listen_order_status
传入数据：		{"driverId":"749"}
传出：		{"type":"passenger_order","driverId":"749","cont":{"appellation_origin":"\u5929\u6d25\u5e02\u5357\u5f00\u533a\u4eba\u6c11\u653f\u5e9c(\u7ea2\u65d7\u8def\u4e1c)","appellation_destination":"","distance":"2.4","time":"2019-10-26 13:09:22","key":"749:46268:1e2cec24c8c7a2635e2a0f2598577db1"},"message":"\u4e58\u5ba2\u4ee5\u4e0b\u5355\uff0c\u8bf7\u53ca\u65f6\u63a5\u5355","message_code":"0"}
*************************************************************************/

/************************************************************************
时间：		2019-10-26 13:10:34
访问URI：		/cache?opt=listen_order_status
查询参数：		opt=listen_order_status
传入数据：		{"driverId":"749"}
传出：		{"type":"passenger_order","driverId":"749","cont":{"appellation_origin":"\u5929\u6d25\u5e02\u5357\u5f00\u533a\u4eba\u6c11\u653f\u5e9c(\u7ea2\u65d7\u8def\u4e1c)","appellation_destination":"","distance":"2.4","time":"2019-10-26 13:10:33","key":"749:46268:4b637a6719d2e15527ddb074291e5036"},"message":"\u4e58\u5ba2\u4ee5\u4e0b\u5355\uff0c\u8bf7\u53ca\u65f6\u63a5\u5355","message_code":"0"}
*************************************************************************/

/************************************************************************
时间：		2019-10-26 13:11:28
访问URI：		/cache?opt=listen_order_status
查询参数：		opt=listen_order_status
传入数据：		{"driverId":"749"}
传出：		司机749号断开连接
*************************************************************************/

/************************************************************************
时间：		2019-10-26 13:11:29
访问URI：		/cache?opt=listen_order_status
查询参数：		opt=listen_order_status
传入数据：		{"driverId":"749"}
传出：		司机:749成功订阅通道
*************************************************************************/

/************************************************************************
时间：		2019-10-26 13:11:47
访问URI：		/cache?opt=listen_order_status
查询参数：		opt=listen_order_status
传入数据：		{"driverId":"749"}
传出：		{"type":"passenger_order","driverId":"749","cont":{"appellation_origin":"\u5929\u6d25\u5e02\u5357\u5f00\u533a\u4eba\u6c11\u653f\u5e9c(\u7ea2\u65d7\u8def\u4e1c)","appellation_destination":"","distance":"2.4","time":"2019-10-26 13:11:45","key":"749:46268:e62c794c2edaae2c3b2630e9af8b07bd"},"message":"\u4e58\u5ba2\u4ee5\u4e0b\u5355\uff0c\u8bf7\u53ca\u65f6\u63a5\u5355","message_code":"0"}
*************************************************************************/

/************************************************************************
时间：		2019-10-26 13:12:09
访问URI：		/cache?opt=listen_order_status
查询参数：		opt=listen_order_status
传入数据：		{"driverId":"749"}
传出：		{"type":"passenger_cancel_existing_order","driverId":"749","ascription":"user","orderId":"26744","reasonId":"9","canceltext":"\u65f6\u95f4\u592a\u4e45\uff0c\u4e0d\u613f\u7b49\u5f85","time":"2019-10-26 05:12:08"}
*************************************************************************/

/************************************************************************
时间：		2019-10-26 13:12:58
访问URI：		/cache?opt=listen_order_status
查询参数：		opt=listen_order_status
传入数据：		{"driverId":"749"}
传出：		司机749号断开连接
*************************************************************************/
