
/************************************************************************
时间：		2019-10-30 09:12:42
访问URI：		/cache
查询参数：		
传入数据：		{"driverId":"13"}
传出：		司机:13成功订阅通道
*************************************************************************/

/************************************************************************
时间：		2019-10-30 09:13:37
访问URI：		/cache
查询参数：		
传入数据：		{"driverId":"13"}
传出：		{"type":"passenger_order","driverId":"13","cont":{"appellation_origin":"\u5357\u5f00\u533a\u6842\u8377\u56ed(\u5929\u62d6\u5317\u9053\u531750\u7c73)","appellation_destination":"","distance":"0.9","time":"2019-10-30 09:13:35","key":"13:762:bd3d7afc8b8440954a1d3b3a08d501e1"},"message":"\u4e58\u5ba2\u4ee5\u4e0b\u5355\uff0c\u8bf7\u53ca\u65f6\u63a5\u5355","message_code":"0"}
*************************************************************************/

/************************************************************************
时间：		2019-10-30 09:13:48
访问URI：		/cache
查询参数：		
传入数据：		{"driverId":"13"}
传出：		司机13号断开连接
*************************************************************************/

/************************************************************************
时间：		2019-10-30 09:13:53
访问URI：		/cache
查询参数：		
传入数据：		{"driverId":"13"}
传出：		司机:13成功订阅通道
*************************************************************************/

/************************************************************************
时间：		2019-10-30 09:15:35
访问URI：		/cache
查询参数：		
传入数据：		{"driverId":"13"}
传出：		{"type":"admin_cancel_order","driverId":"13","orderId":"26795","cont":{"time":"2019-10-30 01:15:33"},"message":"\u60a8\u597d\uff0c\u8ba2\u535526795\u5df2\u88ab\u8fd0\u8425\u7ba1\u7406\u5458\u53d6\u6d88\u3002","message_code":"0"}
*************************************************************************/

/************************************************************************
时间：		2019-10-30 09:34:43
访问URI：		/cache
查询参数：		
传入数据：		{"driverId":"13"}
传出：		司机13号断开连接
*************************************************************************/

/************************************************************************
时间：		2019-10-30 09:36:25
访问URI：		/cache
查询参数：		
传入数据：		{"driverId":"3jia1"}
传出：		司机:3jia1成功订阅通道
*************************************************************************/

/************************************************************************
时间：		2019-10-30 09:43:39
访问URI：		/cache
查询参数：		
传入数据：		{"driverId":"3jia1"}
传出：		司机3jia1号断开连接
*************************************************************************/

/************************************************************************
时间：		2019-10-30 09:44:06
访问URI：		/cache
查询参数：		
传入数据：		{"driverId":"13"}
传出：		司机:13成功订阅通道
*************************************************************************/

/************************************************************************
时间：		2019-10-30 09:44:57
访问URI：		/cache
查询参数：		
传入数据：		{"driverId":"13"}
传出：		司机13号断开连接
*************************************************************************/
