
/************************************************************************
时间：		2019-10-28 10:35:14
访问URI：		/cache
查询参数：		
传入数据：		{"driverId":"13"}
传出：		司机:13成功订阅通道
*************************************************************************/

/************************************************************************
时间：		2019-10-28 10:38:59
访问URI：		/cache
查询参数：		
传入数据：		{"driverId":"13"}
传出：		司机13号断开连接
*************************************************************************/

/************************************************************************
时间：		2019-10-28 10:39:17
访问URI：		/cache
查询参数：		
传入数据：		{"driverId":"13"}
传出：		司机:13成功订阅通道
*************************************************************************/

/************************************************************************
时间：		2019-10-28 11:08:47
访问URI：		/cache
查询参数：		
传入数据：		{"driverId":"13"}
传出：		司机13号断开连接
*************************************************************************/

/************************************************************************
时间：		2019-10-28 16:57:41
访问URI：		/cache
查询参数：		
传入数据：		{"driverId":"13"}
传出：		司机:13成功订阅通道
*************************************************************************/

/************************************************************************
时间：		2019-10-28 16:57:41
访问URI：		/cache
查询参数：		
传入数据：		{"driverId":"13"}
传出：		司机13号断开连接
*************************************************************************/

/************************************************************************
时间：		2019-10-28 16:57:55
访问URI：		/cache
查询参数：		
传入数据：		{"driverId":"13"}
传出：		司机:13成功订阅通道
*************************************************************************/

/************************************************************************
时间：		2019-10-28 17:15:56
访问URI：		/cache
查询参数：		
传入数据：		{"driverId":"13"}
传出：		司机13号断开连接
*************************************************************************/

/************************************************************************
时间：		2019-10-28 17:16:15
访问URI：		/cache
查询参数：		
传入数据：		{"driverId":"13"}
传出：		司机:13成功订阅通道
*************************************************************************/

/************************************************************************
时间：		2019-10-28 17:22:16
访问URI：		/cache
查询参数：		
传入数据：		{"driverId":"13"}
传出：		司机13号断开连接
*************************************************************************/

/************************************************************************
时间：		2019-10-28 17:22:35
访问URI：		/cache
查询参数：		
传入数据：		{"driverId":"13"}
传出：		司机:13成功订阅通道
*************************************************************************/

/************************************************************************
时间：		2019-10-28 18:07:07
访问URI：		/cache
查询参数：		
传入数据：		{"driverId":"13"}
传出：		司机13号断开连接
*************************************************************************/
