[ 2019-10-26T12:17:42+08:00 ]  
INFO: [ app_init ] --START--
INFO: Run Behavior\BuildLiteBehavior [ RunTime:0.000019s ]
INFO: [ app_init ] --END-- [ RunTime:0.000283s ]
NOTIC: [8] Undefined index: REQUEST_METHOD /www/ThinkPHP/Library/Think/App.class.php 第 31 行.
NOTIC: [8] Undefined index: REQUEST_URI /www/ThinkPHP/Library/Think/Dispatcher.class.php 第 137 行.
NOTIC: [8] Use of undefined constant _PHP_FILE_ - assumed '_PHP_FILE_' /www/ThinkPHP/Library/Think/Dispatcher.class.php 第 191 行.
INFO: [ app_begin ] --START--
INFO: Run Behavior\ReadHtmlCacheBehavior [ RunTime:0.000269s ]
INFO: [ app_begin ] --END-- [ RunTime:0.000314s ]
ERR: 无法加载控制器:Wscli

[ 2019-10-26T12:19:57+08:00 ]  
INFO: [ app_init ] --START--
INFO: Run Behavior\BuildLiteBehavior [ RunTime:0.000017s ]
INFO: [ app_init ] --END-- [ RunTime:0.000260s ]
NOTIC: [8] Undefined index: REQUEST_METHOD /www/ThinkPHP/Library/Think/App.class.php 第 31 行.
NOTIC: [8] Undefined index: REQUEST_URI /www/ThinkPHP/Library/Think/Dispatcher.class.php 第 137 行.
NOTIC: [8] Use of undefined constant _PHP_FILE_ - assumed '_PHP_FILE_' /www/ThinkPHP/Library/Think/Dispatcher.class.php 第 191 行.
INFO: [ app_begin ] --START--
INFO: Run Behavior\ReadHtmlCacheBehavior [ RunTime:0.000276s ]
INFO: [ app_begin ] --END-- [ RunTime:0.000320s ]
ERR: 无法加载控制器:Wscli

[ 2019-10-26T12:29:15+08:00 ]  
INFO: [ app_init ] --START--
INFO: Run Behavior\BuildLiteBehavior [ RunTime:0.000020s ]
INFO: [ app_init ] --END-- [ RunTime:0.000259s ]
NOTIC: [8] Undefined index: REQUEST_METHOD /www/ThinkPHP/Library/Think/App.class.php 第 31 行.
NOTIC: [8] Undefined index: REQUEST_URI /www/ThinkPHP/Library/Think/Dispatcher.class.php 第 137 行.
NOTIC: [8] Use of undefined constant _PHP_FILE_ - assumed '_PHP_FILE_' /www/ThinkPHP/Library/Think/Dispatcher.class.php 第 191 行.
INFO: [ app_begin ] --START--
INFO: Run Behavior\ReadHtmlCacheBehavior [ RunTime:0.000253s ]
INFO: [ app_begin ] --END-- [ RunTime:0.000297s ]
ERR: Class 'Workerman\Worker' not found

[ 2019-10-26T12:30:37+08:00 ]  
INFO: [ app_init ] --START--
INFO: Run Behavior\BuildLiteBehavior [ RunTime:0.000012s ]
INFO: [ app_init ] --END-- [ RunTime:0.000260s ]
NOTIC: [8] Undefined index: REQUEST_METHOD /www/ThinkPHP/Library/Think/App.class.php 第 31 行.
NOTIC: [8] Undefined index: REQUEST_URI /www/ThinkPHP/Library/Think/Dispatcher.class.php 第 137 行.
NOTIC: [8] Use of undefined constant _PHP_FILE_ - assumed '_PHP_FILE_' /www/ThinkPHP/Library/Think/Dispatcher.class.php 第 191 行.
INFO: [ app_begin ] --START--
INFO: Run Behavior\ReadHtmlCacheBehavior [ RunTime:0.000260s ]
INFO: [ app_begin ] --END-- [ RunTime:0.000301s ]

[ 2019-10-26T12:46:56+08:00 ] 127.0.0.1 /
INFO: [ app_init ] --START--
INFO: Run Behavior\BuildLiteBehavior [ RunTime:0.000012s ]
INFO: [ app_init ] --END-- [ RunTime:0.000252s ]
NOTIC: [8] Undefined index: REQUEST_METHOD /www/ThinkPHP/Library/Think/App.class.php 第 31 行.
NOTIC: [8] Undefined index: REQUEST_URI /www/ThinkPHP/Library/Think/Dispatcher.class.php 第 137 行.
NOTIC: [8] Use of undefined constant _PHP_FILE_ - assumed '_PHP_FILE_' /www/ThinkPHP/Library/Think/Dispatcher.class.php 第 191 行.
INFO: [ app_begin ] --START--
INFO: Run Behavior\ReadHtmlCacheBehavior [ RunTime:0.000251s ]
INFO: [ app_begin ] --END-- [ RunTime:0.000292s ]

[ 2019-10-26T12:46:56+08:00 ] 127.0.0.1 /
INFO: [ app_init ] --START--
INFO: Run Behavior\BuildLiteBehavior [ RunTime:0.000012s ]
INFO: [ app_init ] --END-- [ RunTime:0.000252s ]
NOTIC: [8] Undefined index: REQUEST_METHOD /www/ThinkPHP/Library/Think/App.class.php 第 31 行.
NOTIC: [8] Undefined index: REQUEST_URI /www/ThinkPHP/Library/Think/Dispatcher.class.php 第 137 行.
NOTIC: [8] Use of undefined constant _PHP_FILE_ - assumed '_PHP_FILE_' /www/ThinkPHP/Library/Think/Dispatcher.class.php 第 191 行.
INFO: [ app_begin ] --START--
INFO: Run Behavior\ReadHtmlCacheBehavior [ RunTime:0.000251s ]
INFO: [ app_begin ] --END-- [ RunTime:0.000292s ]

[ 2019-10-26T12:46:56+08:00 ]  
INFO: [ app_init ] --START--
INFO: Run Behavior\BuildLiteBehavior [ RunTime:0.000012s ]
INFO: [ app_init ] --END-- [ RunTime:0.000252s ]
NOTIC: [8] Undefined index: REQUEST_METHOD /www/ThinkPHP/Library/Think/App.class.php 第 31 行.
NOTIC: [8] Undefined index: REQUEST_URI /www/ThinkPHP/Library/Think/Dispatcher.class.php 第 137 行.
NOTIC: [8] Use of undefined constant _PHP_FILE_ - assumed '_PHP_FILE_' /www/ThinkPHP/Library/Think/Dispatcher.class.php 第 191 行.
INFO: [ app_begin ] --START--
INFO: Run Behavior\ReadHtmlCacheBehavior [ RunTime:0.000251s ]
INFO: [ app_begin ] --END-- [ RunTime:0.000292s ]
SQL: SHOW COLUMNS FROM `b_push_message` [ RunTime:0.0006s ]
SQL: INSERT INTO `b_push_message` (`driverId`,`type`,`message`,`sendTime`) VALUES ('749',NULL,'32','2019-10-26 12:43:09') [ RunTime:0.0030s ]

[ 2019-10-26T12:46:56+08:00 ] 127.0.0.1 /
INFO: [ app_init ] --START--
INFO: Run Behavior\BuildLiteBehavior [ RunTime:0.000012s ]
INFO: [ app_init ] --END-- [ RunTime:0.000252s ]
NOTIC: [8] Undefined index: REQUEST_METHOD /www/ThinkPHP/Library/Think/App.class.php 第 31 行.
NOTIC: [8] Undefined index: REQUEST_URI /www/ThinkPHP/Library/Think/Dispatcher.class.php 第 137 行.
NOTIC: [8] Use of undefined constant _PHP_FILE_ - assumed '_PHP_FILE_' /www/ThinkPHP/Library/Think/Dispatcher.class.php 第 191 行.
INFO: [ app_begin ] --START--
INFO: Run Behavior\ReadHtmlCacheBehavior [ RunTime:0.000251s ]
INFO: [ app_begin ] --END-- [ RunTime:0.000292s ]

[ 2019-10-26T12:46:56+08:00 ]  
INFO: [ app_init ] --START--
INFO: Run Behavior\BuildLiteBehavior [ RunTime:0.000012s ]
INFO: [ app_init ] --END-- [ RunTime:0.000252s ]
NOTIC: [8] Undefined index: REQUEST_METHOD /www/ThinkPHP/Library/Think/App.class.php 第 31 行.
NOTIC: [8] Undefined index: REQUEST_URI /www/ThinkPHP/Library/Think/Dispatcher.class.php 第 137 行.
NOTIC: [8] Use of undefined constant _PHP_FILE_ - assumed '_PHP_FILE_' /www/ThinkPHP/Library/Think/Dispatcher.class.php 第 191 行.
INFO: [ app_begin ] --START--
INFO: Run Behavior\ReadHtmlCacheBehavior [ RunTime:0.000251s ]
INFO: [ app_begin ] --END-- [ RunTime:0.000292s ]
SQL: SHOW COLUMNS FROM `b_push_message` [ RunTime:0.0006s ]
SQL: INSERT INTO `b_push_message` (`driverId`,`type`,`message`,`sendTime`) VALUES ('749','passenger_order','{\"type\":\"passenger_order\",\"driverId\":\"749\",\"cont\":{\"appellation_origin\":\"\\u5929\\u6d25\\u5e02\\u5357\\u5f00\\u533a\\u4eba\\u6c11\\u653f\\u5e9c(\\u7ea2\\u65d7\\u8def\\u4e1c)\",\"appellation_destination\":\"\",\"distance\":\"2.4\",\"time\":\"2019-10-26 12:44:48\",\"key\":\"749:46268:fe4eee1e82f5d2f6abd3cdb366542758\"},\"message\":\"\\u4e58\\u5ba2\\u4ee5\\u4e0b\\u5355\\uff0c\\u8bf7\\u53ca\\u65f6\\u63a5\\u5355\",\"message_code\":\"0\"}','2019-10-26 12:44:50') [ RunTime:0.0026s ]
SQL: INSERT INTO `b_push_message` (`driverId`,`type`,`message`,`sendTime`) VALUES ('749','passenger_order','{\"type\":\"passenger_order\",\"driverId\":\"749\",\"cont\":{\"appellation_origin\":\"\\u5929\\u6d25\\u5e02\\u5357\\u5f00\\u533a\\u4eba\\u6c11\\u653f\\u5e9c(\\u7ea2\\u65d7\\u8def\\u4e1c)\",\"appellation_destination\":\"\",\"distance\":\"2.4\",\"time\":\"2019-10-26 12:46:05\",\"key\":\"749:46268:93d18b6d06a4646ec46a84a8e4c0d753\"},\"message\":\"\\u4e58\\u5ba2\\u4ee5\\u4e0b\\u5355\\uff0c\\u8bf7\\u53ca\\u65f6\\u63a5\\u5355\",\"message_code\":\"0\"}','2019-10-26 12:46:07') [ RunTime:0.0026s ]
SQL: INSERT INTO `b_push_message` (`driverId`,`type`,`message`,`sendTime`) VALUES ('749','passenger_cancel_existing_order','{\"type\":\"passenger_cancel_existing_order\",\"driverId\":\"749\",\"ascription\":\"user\",\"orderId\":\"26741\",\"reasonId\":\"9\",\"canceltext\":\"\\u65f6\\u95f4\\u592a\\u4e45\\uff0c\\u4e0d\\u613f\\u7b49\\u5f85\",\"time\":\"2019-10-26 04:46:25\"}','2019-10-26 12:46:26') [ RunTime:0.0027s ]

[ 2019-10-26T12:46:56+08:00 ]  
INFO: [ app_init ] --START--
INFO: Run Behavior\BuildLiteBehavior [ RunTime:0.000012s ]
INFO: [ app_init ] --END-- [ RunTime:0.000252s ]
NOTIC: [8] Undefined index: REQUEST_METHOD /www/ThinkPHP/Library/Think/App.class.php 第 31 行.
NOTIC: [8] Undefined index: REQUEST_URI /www/ThinkPHP/Library/Think/Dispatcher.class.php 第 137 行.
NOTIC: [8] Use of undefined constant _PHP_FILE_ - assumed '_PHP_FILE_' /www/ThinkPHP/Library/Think/Dispatcher.class.php 第 191 行.
INFO: [ app_begin ] --START--
INFO: Run Behavior\ReadHtmlCacheBehavior [ RunTime:0.000251s ]
INFO: [ app_begin ] --END-- [ RunTime:0.000292s ]

[ 2019-10-26T12:46:56+08:00 ]  
INFO: [ app_init ] --START--
INFO: Run Behavior\BuildLiteBehavior [ RunTime:0.000012s ]
INFO: [ app_init ] --END-- [ RunTime:0.000252s ]
NOTIC: [8] Undefined index: REQUEST_METHOD /www/ThinkPHP/Library/Think/App.class.php 第 31 行.
NOTIC: [8] Undefined index: REQUEST_URI /www/ThinkPHP/Library/Think/Dispatcher.class.php 第 137 行.
NOTIC: [8] Use of undefined constant _PHP_FILE_ - assumed '_PHP_FILE_' /www/ThinkPHP/Library/Think/Dispatcher.class.php 第 191 行.
INFO: [ app_begin ] --START--
INFO: Run Behavior\ReadHtmlCacheBehavior [ RunTime:0.000251s ]
INFO: [ app_begin ] --END-- [ RunTime:0.000292s ]

[ 2019-10-26T12:47:07+08:00 ]  
INFO: [ app_init ] --START--
INFO: Run Behavior\BuildLiteBehavior [ RunTime:0.000013s ]
INFO: [ app_init ] --END-- [ RunTime:0.000265s ]
NOTIC: [8] Undefined index: REQUEST_METHOD /www/ThinkPHP/Library/Think/App.class.php 第 31 行.
NOTIC: [8] Undefined index: REQUEST_URI /www/ThinkPHP/Library/Think/Dispatcher.class.php 第 137 行.
NOTIC: [8] Use of undefined constant _PHP_FILE_ - assumed '_PHP_FILE_' /www/ThinkPHP/Library/Think/Dispatcher.class.php 第 191 行.
INFO: [ app_begin ] --START--
INFO: Run Behavior\ReadHtmlCacheBehavior [ RunTime:0.000263s ]
INFO: [ app_begin ] --END-- [ RunTime:0.000305s ]

[ 2019-10-26T12:47:07+08:00 ]  
INFO: [ app_init ] --START--
INFO: Run Behavior\BuildLiteBehavior [ RunTime:0.000013s ]
INFO: [ app_init ] --END-- [ RunTime:0.000265s ]
NOTIC: [8] Undefined index: REQUEST_METHOD /www/ThinkPHP/Library/Think/App.class.php 第 31 行.
NOTIC: [8] Undefined index: REQUEST_URI /www/ThinkPHP/Library/Think/Dispatcher.class.php 第 137 行.
NOTIC: [8] Use of undefined constant _PHP_FILE_ - assumed '_PHP_FILE_' /www/ThinkPHP/Library/Think/Dispatcher.class.php 第 191 行.
INFO: [ app_begin ] --START--
INFO: Run Behavior\ReadHtmlCacheBehavior [ RunTime:0.000263s ]
INFO: [ app_begin ] --END-- [ RunTime:0.000305s ]

[ 2019-10-26T12:47:07+08:00 ]  
INFO: [ app_init ] --START--
INFO: Run Behavior\BuildLiteBehavior [ RunTime:0.000013s ]
INFO: [ app_init ] --END-- [ RunTime:0.000265s ]
NOTIC: [8] Undefined index: REQUEST_METHOD /www/ThinkPHP/Library/Think/App.class.php 第 31 行.
NOTIC: [8] Undefined index: REQUEST_URI /www/ThinkPHP/Library/Think/Dispatcher.class.php 第 137 行.
NOTIC: [8] Use of undefined constant _PHP_FILE_ - assumed '_PHP_FILE_' /www/ThinkPHP/Library/Think/Dispatcher.class.php 第 191 行.
INFO: [ app_begin ] --START--
INFO: Run Behavior\ReadHtmlCacheBehavior [ RunTime:0.000263s ]
INFO: [ app_begin ] --END-- [ RunTime:0.000305s ]

[ 2019-10-26T12:47:07+08:00 ]  
INFO: [ app_init ] --START--
INFO: Run Behavior\BuildLiteBehavior [ RunTime:0.000013s ]
INFO: [ app_init ] --END-- [ RunTime:0.000265s ]
NOTIC: [8] Undefined index: REQUEST_METHOD /www/ThinkPHP/Library/Think/App.class.php 第 31 行.
NOTIC: [8] Undefined index: REQUEST_URI /www/ThinkPHP/Library/Think/Dispatcher.class.php 第 137 行.
NOTIC: [8] Use of undefined constant _PHP_FILE_ - assumed '_PHP_FILE_' /www/ThinkPHP/Library/Think/Dispatcher.class.php 第 191 行.
INFO: [ app_begin ] --START--
INFO: Run Behavior\ReadHtmlCacheBehavior [ RunTime:0.000263s ]
INFO: [ app_begin ] --END-- [ RunTime:0.000305s ]

[ 2019-10-26T12:47:07+08:00 ]  
INFO: [ app_init ] --START--
INFO: Run Behavior\BuildLiteBehavior [ RunTime:0.000013s ]
INFO: [ app_init ] --END-- [ RunTime:0.000265s ]
NOTIC: [8] Undefined index: REQUEST_METHOD /www/ThinkPHP/Library/Think/App.class.php 第 31 行.
NOTIC: [8] Undefined index: REQUEST_URI /www/ThinkPHP/Library/Think/Dispatcher.class.php 第 137 行.
NOTIC: [8] Use of undefined constant _PHP_FILE_ - assumed '_PHP_FILE_' /www/ThinkPHP/Library/Think/Dispatcher.class.php 第 191 行.
INFO: [ app_begin ] --START--
INFO: Run Behavior\ReadHtmlCacheBehavior [ RunTime:0.000263s ]
INFO: [ app_begin ] --END-- [ RunTime:0.000305s ]

[ 2019-10-26T12:47:07+08:00 ]  
INFO: [ app_init ] --START--
INFO: Run Behavior\BuildLiteBehavior [ RunTime:0.000013s ]
INFO: [ app_init ] --END-- [ RunTime:0.000265s ]
NOTIC: [8] Undefined index: REQUEST_METHOD /www/ThinkPHP/Library/Think/App.class.php 第 31 行.
NOTIC: [8] Undefined index: REQUEST_URI /www/ThinkPHP/Library/Think/Dispatcher.class.php 第 137 行.
NOTIC: [8] Use of undefined constant _PHP_FILE_ - assumed '_PHP_FILE_' /www/ThinkPHP/Library/Think/Dispatcher.class.php 第 191 行.
INFO: [ app_begin ] --START--
INFO: Run Behavior\ReadHtmlCacheBehavior [ RunTime:0.000263s ]
INFO: [ app_begin ] --END-- [ RunTime:0.000305s ]

[ 2019-10-26T12:47:07+08:00 ]  
INFO: [ app_init ] --START--
INFO: Run Behavior\BuildLiteBehavior [ RunTime:0.000013s ]
INFO: [ app_init ] --END-- [ RunTime:0.000265s ]
NOTIC: [8] Undefined index: REQUEST_METHOD /www/ThinkPHP/Library/Think/App.class.php 第 31 行.
NOTIC: [8] Undefined index: REQUEST_URI /www/ThinkPHP/Library/Think/Dispatcher.class.php 第 137 行.
NOTIC: [8] Use of undefined constant _PHP_FILE_ - assumed '_PHP_FILE_' /www/ThinkPHP/Library/Think/Dispatcher.class.php 第 191 行.
INFO: [ app_begin ] --START--
INFO: Run Behavior\ReadHtmlCacheBehavior [ RunTime:0.000263s ]
INFO: [ app_begin ] --END-- [ RunTime:0.000305s ]

[ 2019-10-26T14:53:17+08:00 ]  
INFO: [ app_init ] --START--
INFO: Run Behavior\BuildLiteBehavior [ RunTime:0.000013s ]
INFO: [ app_init ] --END-- [ RunTime:0.000266s ]
NOTIC: [8] Undefined index: REQUEST_METHOD /www/ThinkPHP/Library/Think/App.class.php 第 31 行.
NOTIC: [8] Undefined index: REQUEST_URI /www/ThinkPHP/Library/Think/Dispatcher.class.php 第 137 行.
NOTIC: [8] Use of undefined constant _PHP_FILE_ - assumed '_PHP_FILE_' /www/ThinkPHP/Library/Think/Dispatcher.class.php 第 191 行.
INFO: [ app_begin ] --START--
INFO: Run Behavior\ReadHtmlCacheBehavior [ RunTime:0.000259s ]
INFO: [ app_begin ] --END-- [ RunTime:0.000310s ]
NOTIC: [8] Undefined property: Workerman\Connection\TcpConnection::$client /www/Application/Home_V2/Controller/WebSocketController.class.php 第 93 行.

